Log file open, 01/27/23 20:57:30
LogWindows: Failed to load 'aqProf.dll' (GetLastError=126)
LogWindows: File 'aqProf.dll' does not exist
LogWindows: Failed to load 'VtuneApi.dll' (GetLastError=126)
LogWindows: File 'VtuneApi.dll' does not exist
LogWindows: Failed to load 'VtuneApi32e.dll' (GetLastError=126)
LogWindows: File 'VtuneApi32e.dll' does not exist
LogConsoleResponse: Display: Failed to find resolution value strings in scalability ini. Falling back to default.
LogConsoleResponse: Display: Failed to find resolution value strings in scalability ini. Falling back to default.
LogInit: Display: Running engine for game: LevelUp_Vehicle
LogPlatformFile: Not using cached read wrapper
LogTaskGraph: Started task graph with 5 named threads and 35 total threads with 3 sets of task threads.
LogStats: Stats thread started at 0.266909
LogICUInternationalization: ICU TimeZone Detection - Raw Offset: +9:00, Platform Override: ''
LogInit: Display: Loading text-based GConfig....
LogPluginManager: Mounting plugin MeshPainting
LogPluginManager: Mounting plugin XGEController
LogPluginManager: Mounting plugin Paper2D
LogPluginManager: Mounting plugin AISupport
LogPluginManager: Mounting plugin EnvironmentQueryEditor
LogPluginManager: Mounting plugin LiveLink
LogPluginManager: Mounting plugin LightPropagationVolume
LogPluginManager: Mounting plugin GameplayCameras
LogPluginManager: Mounting plugin OodleData
LogPluginManager: Mounting plugin AnimationSharing
LogPluginManager: Mounting plugin OodleNetwork
LogPluginManager: Mounting plugin CLionSourceCodeAccess
LogPluginManager: Mounting plugin Niagara
LogPluginManager: Mounting plugin AssetManagerEditor
LogPluginManager: Mounting plugin DatasmithContent
LogPluginManager: Mounting plugin VariantManagerContent
LogPluginManager: Mounting plugin CurveEditorTools
LogPluginManager: Mounting plugin CryptoKeys
LogPluginManager: Mounting plugin AlembicImporter
LogPluginManager: Mounting plugin DataValidation
LogPluginManager: Mounting plugin AutomationUtils
LogPluginManager: Mounting plugin CodeLiteSourceCodeAccess
LogPluginManager: Mounting plugin FacialAnimation
LogPluginManager: Mounting plugin BackChannel
LogPluginManager: Mounting plugin GameplayTagsEditor
LogPluginManager: Mounting plugin ChaosCloth
LogPluginManager: Mounting plugin GeometryMode
LogPluginManager: Mounting plugin ChaosClothEditor
LogPluginManager: Mounting plugin MacGraphicsSwitching
LogPluginManager: Mounting plugin KDevelopSourceCodeAccess
LogPluginManager: Mounting plugin ChaosEditor
LogPluginManager: Mounting plugin MaterialAnalyzer
LogPluginManager: Mounting plugin MobileLauncherProfileWizard
LogPluginManager: Mounting plugin NullSourceCodeAccess
LogPluginManager: Mounting plugin PerforceSourceControl
LogPluginManager: Mounting plugin GitSourceControl
LogPluginManager: Mounting plugin PlasticSourceControl
LogPluginManager: Mounting plugin PropertyAccessNode
LogPluginManager: Mounting plugin PluginBrowser
LogPluginManager: Mounting plugin PluginUtils
LogPluginManager: Mounting plugin PixWinPlugin
LogPluginManager: Mounting plugin SubversionSourceControl
LogPluginManager: Mounting plugin RiderSourceCodeAccess
LogPluginManager: Mounting plugin SpeedTreeImporter
LogPluginManager: Mounting plugin TextureFormatOodle
LogPluginManager: Mounting plugin ChaosNiagara
LogPluginManager: Mounting plugin ChaosSolverPlugin
LogPluginManager: Mounting plugin UObjectPlugin
LogPluginManager: Mounting plugin CharacterAI
LogPluginManager: Mounting plugin VisualStudioSourceCodeAccess
LogPluginManager: Mounting plugin XCodeSourceCodeAccess
LogPluginManager: Mounting plugin VisualStudioCodeSourceCodeAccess
LogPluginManager: Mounting plugin GeometryCache
LogPluginManager: Mounting plugin GeometryCollectionPlugin
LogPluginManager: Mounting plugin GeometryProcessing
LogPluginManager: Mounting plugin MotoSynth
LogPluginManager: Mounting plugin PlanarCut
LogPluginManager: Mounting plugin PlatformCrypto
LogPluginManager: Mounting plugin ProxyLODPlugin
LogPluginManager: Mounting plugin PythonScriptPlugin
LogPluginManager: Mounting plugin OpenImageDenoise
LogPluginManager: Mounting plugin SkeletalReduction
LogPluginManager: Mounting plugin ActorSequence
LogPluginManager: Mounting plugin UdpMessaging
LogPluginManager: Mounting plugin TcpMessaging
LogPluginManager: Mounting plugin MatineeToLevelSequence
LogPluginManager: Mounting plugin LevelSequenceEditor
LogPluginManager: Mounting plugin AndroidMedia
LogPluginManager: Mounting plugin AvfMedia
LogPluginManager: Mounting plugin TemplateSequence
LogPluginManager: Mounting plugin MediaCompositing
LogPluginManager: Mounting plugin ImgMedia
LogPluginManager: Mounting plugin MediaPlayerEditor
LogPluginManager: Mounting plugin WebMMedia
LogPluginManager: Mounting plugin WmfMedia
LogPluginManager: Mounting plugin OnlineSubsystem
LogPluginManager: Mounting plugin OnlineSubsystemNull
LogPluginManager: Mounting plugin OnlineSubsystemUtils
LogPluginManager: Mounting plugin ActorLayerUtilities
LogPluginManager: Mounting plugin AndroidPermission
LogPluginManager: Mounting plugin AndroidDeviceProfileSelector
LogPluginManager: Mounting plugin AppleImageUtils
LogPluginManager: Mounting plugin AppleMoviePlayer
LogPluginManager: Mounting plugin ArchVisCharacter
LogPluginManager: Mounting plugin AssetTags
LogPluginManager: Mounting plugin AudioSynesthesia
LogPluginManager: Mounting plugin AudioCapture
LogPluginManager: Mounting plugin CableComponent
LogPluginManager: Mounting plugin ChunkDownloader
LogPluginManager: Mounting plugin AndroidMoviePlayer
LogPluginManager: Mounting plugin CustomMeshComponent
LogPluginManager: Mounting plugin EditableMesh
LogPluginManager: Mounting plugin ExampleDeviceProfileSelector
LogPluginManager: Mounting plugin GoogleCloudMessaging
LogPluginManager: Mounting plugin GooglePAD
LogPluginManager: Mounting plugin IOSDeviceProfileSelector
LogPluginManager: Mounting plugin LinuxDeviceProfileSelector
LogPluginManager: Mounting plugin LocationServicesBPLibrary
LogPluginManager: Mounting plugin MobilePatchingUtils
LogPluginManager: Mounting plugin OpenXR
LogPluginManager: Mounting plugin OpenXREyeTracker
LogPluginManager: Mounting plugin ScreenshotTools
LogPluginManager: Mounting plugin OpenXRHandTracking
LogPluginManager: Mounting plugin LauncherChunkInstaller
LogPluginManager: Mounting plugin PostSplashScreen
LogPluginManager: Mounting plugin PhysXVehicles
LogPluginManager: Mounting plugin ProceduralMeshComponent
LogPluginManager: Mounting plugin PropertyAccessEditor
LogPluginManager: Mounting plugin RuntimePhysXCooking
LogPluginManager: Mounting plugin SignificanceManager
LogPluginManager: Mounting plugin SoundFields
LogPluginManager: Mounting plugin Synthesis
LogPluginManager: Mounting plugin WebMMoviePlayer
LogPluginManager: Mounting plugin WindowsMoviePlayer
LogPluginManager: Mounting plugin Takes
LogPluginManager: Mounting plugin MagicLeap
LogPluginManager: Mounting plugin MagicLeapLightEstimation
LogPluginManager: Mounting plugin MagicLeapMedia
LogPluginManager: Mounting plugin LuminPlatformFeatures
LogPluginManager: Mounting plugin MagicLeapPassableWorld
LogPluginManager: Mounting plugin MLSDK
LogPluginManager: Mounting plugin CameraShakePreviewer
LogPluginManager: Mounting plugin ContentBrowserAssetDataSource
LogPluginManager: Mounting plugin ContentBrowserClassDataSource
LogPluginManager: Mounting plugin ContentBrowserFileDataSource
LogPluginManager: Mounting plugin OnlineSubsystemIOS
LogPluginManager: Mounting plugin OnlineSubsystemGooglePlay
LogPluginManager: Mounting plugin OculusVR
LogPluginManager: Mounting plugin SteamVR
PixWinPlugin: PIX capture plugin failed to initialize! Check that the process is launched from PIX.
LogInit: Using libcurl 7.55.1-DEV
LogInit:  - built for x86_64-pc-win32
LogInit:  - supports SSL with OpenSSL/1.1.1
LogInit:  - supports HTTP deflate (compression) using libz 1.2.8
LogInit:  - other features:
LogInit:      CURL_VERSION_SSL
LogInit:      CURL_VERSION_LIBZ
LogInit:      CURL_VERSION_IPV6
LogInit:      CURL_VERSION_ASYNCHDNS
LogInit:      CURL_VERSION_LARGEFILE
LogInit:      CURL_VERSION_IDN
LogInit:  CurlRequestOptions (configurable via config and command line):
LogInit:  - bVerifyPeer = true  - Libcurl will verify peer certificate
LogInit:  - bUseHttpProxy = false  - Libcurl will NOT use HTTP proxy
LogInit:  - bDontReuseConnections = false  - Libcurl will reuse connections
LogInit:  - MaxHostConnections = 16  - Libcurl will limit the number of connections to a host
LogInit:  - LocalHostAddr = Default
LogInit:  - BufferSize = 65536
LogOnline: OSS: Creating online subsystem instance for: NULL
LogInit: WinSock: version 1.1 (2.2), MaxSocks=32767, MaxUdp=65467
LogOnline: OSS: TryLoadSubsystemAndSetDefault: Loaded subsystem for module [NULL]
LogInit: Build: ++UE4+Release-4.27-CL-18319896
LogInit: Engine Version: 4.27.2-18319896+++UE4+Release-4.27
LogInit: Compatible Engine Version: 4.27.0-17155196+++UE4+Release-4.27
LogInit: Net CL: 17155196
LogInit: OS: Windows 10 (Release 2009) (), CPU: AMD Ryzen 5 5600 6-Core Processor              , GPU: NVIDIA GeForce RTX 3070
LogInit: Compiled (64-bit): Nov 30 2021 07:12:08
LogInit: Compiled with Visual C++: 19.24.28315.00
LogInit: Build Configuration: Development
LogInit: Branch Name: ++UE4+Release-4.27
LogInit: Command Line:  C:\Unreal\MyProject\LevelUp_UE_4.27\LevelUp_Vehicle\LevelUp_Vehicle.uproject -run=VisualStudioTools -unattended -noshadercompile -noaudio -nullrhi -nocpuprofilertrace -nocrashreports -nosplash -output C:\Users\gyu37\AppData\Local\Temp\tmp33B4.tmp
LogInit: Base Directory: C:/Unreal/Engine/UE_4.27/Engine/Binaries/Win64/
LogInit: Allocator: TBB
LogInit: Installed Engine Build: 1
LogDevObjectVersion: Number of dev versions registered: 29
LogDevObjectVersion:   Dev-Blueprints (B0D832E4-1F89-4F0D-ACCF-7EB736FD4AA2): 10
LogDevObjectVersion:   Dev-Build (E1C64328-A22C-4D53-A36C-8E866417BD8C): 0
LogDevObjectVersion:   Dev-Core (375EC13C-06E4-48FB-B500-84F0262A717E): 4
LogDevObjectVersion:   Dev-Editor (E4B068ED-F494-42E9-A231-DA0B2E46BB41): 40
LogDevObjectVersion:   Dev-Framework (CFFC743F-43B0-4480-9391-14DF171D2073): 37
LogDevObjectVersion:   Dev-Mobile (B02B49B5-BB20-44E9-A304-32B752E40360): 3
LogDevObjectVersion:   Dev-Networking (A4E4105C-59A1-49B5-A7C5-40C4547EDFEE): 0
LogDevObjectVersion:   Dev-Online (39C831C9-5AE6-47DC-9A44-9C173E1C8E7C): 0
LogDevObjectVersion:   Dev-Physics (78F01B33-EBEA-4F98-B9B4-84EACCB95AA2): 14
LogDevObjectVersion:   Dev-Platform (6631380F-2D4D-43E0-8009-CF276956A95A): 0
LogDevObjectVersion:   Dev-Rendering (12F88B9F-8875-4AFC-A67C-D90C383ABD29): 45
LogDevObjectVersion:   Dev-Sequencer (7B5AE74C-D270-4C10-A958-57980B212A5A): 13
LogDevObjectVersion:   Dev-VR (D7296918-1DD6-4BDD-9DE2-64A83CC13884): 3
LogDevObjectVersion:   Dev-LoadTimes (C2A15278-BFE7-4AFE-6C17-90FF531DF755): 1
LogDevObjectVersion:   Private-Geometry (6EACA3D4-40EC-4CC1-B786-8BED09428FC5): 3
LogDevObjectVersion:   Dev-AnimPhys (29E575DD-E0A3-4627-9D10-D276232CDCEA): 17
LogDevObjectVersion:   Dev-Anim (AF43A65D-7FD3-4947-9873-3E8ED9C1BB05): 15
LogDevObjectVersion:   Dev-ReflectionCapture (6B266CEC-1EC7-4B8F-A30B-E4D90942FC07): 1
LogDevObjectVersion:   Dev-Automation (0DF73D61-A23F-47EA-B727-89E90C41499A): 1
LogDevObjectVersion:   FortniteMain (601D1886-AC64-4F84-AA16-D3DE0DEAC7D6): 47
LogDevObjectVersion:   FortniteRelease (E7086368-6B23-4C58-8439-1B7016265E91): 1
LogDevObjectVersion:   Dev-Enterprise (9DFFBCD6-494F-0158-E221-12823C92A888): 10
LogDevObjectVersion:   Dev-Niagara (F2AED0AC-9AFE-416F-8664-AA7FFA26D6FC): 1
LogDevObjectVersion:   Dev-Destruction (174F1F0B-B4C6-45A5-B13F-2EE8D0FB917D): 10
LogDevObjectVersion:   Dev-Physics-Ext (35F94A83-E258-406C-A318-09F59610247C): 41
LogDevObjectVersion:   Dev-PhysicsMaterial-Chaos (B68FC16E-8B1B-42E2-B453-215C058844FE): 1
LogDevObjectVersion:   Dev-CineCamera (B2E18506-4273-CFC2-A54E-F4BB758BBA07): 1
LogDevObjectVersion:   Dev-VirtualProduction (64F58936-FD1B-42BA-BA96-7289D5D0FA4E): 1
LogDevObjectVersion:   Dev-MediaFramework (6F0ED827-A609-4895-9C91-998D90180EA4): 2
LogInit: Presizing for max 25165824 objects, including 0 objects not considered by GC, pre-allocating 0 bytes for permanent pool.
LogConfig: Applying CVar settings from Section [/Script/Engine.StreamingSettings] File [C:/Unreal/MyProject/LevelUp_UE_4.27/LevelUp_Vehicle/Saved/Config/Windows/Engine.ini]
LogConfig: Setting CVar [[s.MinBulkDataSizeForAsyncLoading:131072]]
LogConfig: Setting CVar [[s.AsyncLoadingThreadEnabled:0]]
LogConfig: Setting CVar [[s.EventDrivenLoaderEnabled:1]]
LogConfig: Setting CVar [[s.WarnIfTimeLimitExceeded:0]]
LogConfig: Setting CVar [[s.TimeLimitExceededMultiplier:1.5]]
LogConfig: Setting CVar [[s.TimeLimitExceededMinTime:0.005]]
LogConfig: Setting CVar [[s.UseBackgroundLevelStreaming:1]]
LogConfig: Setting CVar [[s.PriorityAsyncLoadingExtraTime:15.0]]
LogConfig: Setting CVar [[s.LevelStreamingActorsUpdateTimeLimit:5.0]]
LogConfig: Setting CVar [[s.PriorityLevelStreamingActorsUpdateExtraTime:5.0]]
LogConfig: Setting CVar [[s.LevelStreamingComponentsRegistrationGranularity:10]]
LogConfig: Setting CVar [[s.UnregisterComponentsTimeLimit:1.0]]
LogConfig: Setting CVar [[s.LevelStreamingComponentsUnregistrationGranularity:5]]
LogConfig: Setting CVar [[s.FlushStreamingOnExit:1]]
LogInit: Object subsystem initialized
LogConfig: Setting CVar [[con.DebugEarlyDefault:1]]
LogConfig: Setting CVar [[r.setres:1280x720]]
[2023.01.27-11.57.31:184][  0]LogConfig: Setting CVar [[con.DebugEarlyDefault:1]]
[2023.01.27-11.57.31:184][  0]LogConfig: Setting CVar [[r.setres:1280x720]]
[2023.01.27-11.57.31:184][  0]LogConfig: Applying CVar settings from Section [/Script/Engine.RendererSettings] File [C:/Unreal/MyProject/LevelUp_UE_4.27/LevelUp_Vehicle/Saved/Config/Windows/Engine.ini]
[2023.01.27-11.57.31:184][  0]LogConfig: Setting CVar [[r.GPUCrashDebugging:0]]
[2023.01.27-11.57.31:184][  0]LogConfig: Applying CVar settings from Section [/Script/Engine.RendererOverrideSettings] File [C:/Unreal/MyProject/LevelUp_UE_4.27/LevelUp_Vehicle/Saved/Config/Windows/Engine.ini]
[2023.01.27-11.57.31:184][  0]LogConfig: Applying CVar settings from Section [/Script/Engine.StreamingSettings] File [C:/Unreal/MyProject/LevelUp_UE_4.27/LevelUp_Vehicle/Saved/Config/Windows/Engine.ini]
[2023.01.27-11.57.31:184][  0]LogConfig: Setting CVar [[s.MinBulkDataSizeForAsyncLoading:131072]]
[2023.01.27-11.57.31:184][  0]LogConfig: Setting CVar [[s.AsyncLoadingThreadEnabled:0]]
[2023.01.27-11.57.31:184][  0]LogConfig: Setting CVar [[s.EventDrivenLoaderEnabled:1]]
[2023.01.27-11.57.31:184][  0]LogConfig: Setting CVar [[s.WarnIfTimeLimitExceeded:0]]
[2023.01.27-11.57.31:184][  0]LogConfig: Setting CVar [[s.TimeLimitExceededMultiplier:1.5]]
[2023.01.27-11.57.31:184][  0]LogConfig: Setting CVar [[s.TimeLimitExceededMinTime:0.005]]
[2023.01.27-11.57.31:184][  0]LogConfig: Setting CVar [[s.UseBackgroundLevelStreaming:1]]
[2023.01.27-11.57.31:184][  0]LogConfig: Setting CVar [[s.PriorityAsyncLoadingExtraTime:15.0]]
[2023.01.27-11.57.31:184][  0]LogConfig: Setting CVar [[s.LevelStreamingActorsUpdateTimeLimit:5.0]]
[2023.01.27-11.57.31:184][  0]LogConfig: Setting CVar [[s.PriorityLevelStreamingActorsUpdateExtraTime:5.0]]
[2023.01.27-11.57.31:184][  0]LogConfig: Setting CVar [[s.LevelStreamingComponentsRegistrationGranularity:10]]
[2023.01.27-11.57.31:184][  0]LogConfig: Setting CVar [[s.UnregisterComponentsTimeLimit:1.0]]
[2023.01.27-11.57.31:184][  0]LogConfig: Setting CVar [[s.LevelStreamingComponentsUnregistrationGranularity:5]]
[2023.01.27-11.57.31:184][  0]LogConfig: Setting CVar [[s.FlushStreamingOnExit:1]]
[2023.01.27-11.57.31:184][  0]LogConfig: Applying CVar settings from Section [/Script/Engine.GarbageCollectionSettings] File [C:/Unreal/MyProject/LevelUp_UE_4.27/LevelUp_Vehicle/Saved/Config/Windows/Engine.ini]
[2023.01.27-11.57.31:185][  0]LogConfig: Setting CVar [[gc.MaxObjectsNotConsideredByGC:1]]
[2023.01.27-11.57.31:185][  0]LogConfig: Setting CVar [[gc.SizeOfPermanentObjectPool:0]]
[2023.01.27-11.57.31:185][  0]LogConfig: Setting CVar [[gc.FlushStreamingOnGC:0]]
[2023.01.27-11.57.31:185][  0]LogConfig: Setting CVar [[gc.NumRetriesBeforeForcingGC:10]]
[2023.01.27-11.57.31:185][  0]LogConfig: Setting CVar [[gc.AllowParallelGC:1]]
[2023.01.27-11.57.31:185][  0]LogConfig: Setting CVar [[gc.TimeBetweenPurgingPendingKillObjects:61.1]]
[2023.01.27-11.57.31:185][  0]LogConfig: Setting CVar [[gc.MaxObjectsInEditor:25165824]]
[2023.01.27-11.57.31:185][  0]LogConfig: Setting CVar [[gc.IncrementalBeginDestroyEnabled:1]]
[2023.01.27-11.57.31:185][  0]LogConfig: Setting CVar [[gc.CreateGCClusters:1]]
[2023.01.27-11.57.31:185][  0]LogConfig: Setting CVar [[gc.MinGCClusterSize:5]]
[2023.01.27-11.57.31:185][  0]LogConfig: Setting CVar [[gc.ActorClusteringEnabled:0]]
[2023.01.27-11.57.31:185][  0]LogConfig: Setting CVar [[gc.BlueprintClusteringEnabled:0]]
[2023.01.27-11.57.31:185][  0]LogConfig: Setting CVar [[gc.UseDisregardForGCOnDedicatedServers:0]]
[2023.01.27-11.57.31:185][  0]LogConfig: Setting CVar [[gc.MultithreadedDestructionEnabled:1]]
[2023.01.27-11.57.31:185][  0]LogConfig: Applying CVar settings from Section [/Script/Engine.NetworkSettings] File [C:/Unreal/MyProject/LevelUp_UE_4.27/LevelUp_Vehicle/Saved/Config/Windows/Engine.ini]
[2023.01.27-11.57.31:185][  0]LogConfig: Applying CVar settings from Section [/Script/UnrealEd.CookerSettings] File [C:/Unreal/MyProject/LevelUp_UE_4.27/LevelUp_Vehicle/Saved/Config/Windows/Engine.ini]
[2023.01.27-11.57.31:185][  0]LogConfig: Applying CVar settings from Section [ViewDistanceQuality@3] File [C:/Unreal/MyProject/LevelUp_UE_4.27/LevelUp_Vehicle/Saved/Config/Windows/Scalability.ini]
[2023.01.27-11.57.31:185][  0]LogConfig: Setting CVar [[r.SkeletalMeshLODBias:0]]
[2023.01.27-11.57.31:185][  0]LogConfig: Setting CVar [[r.ViewDistanceScale:1.0]]
[2023.01.27-11.57.31:185][  0]LogConfig: Applying CVar settings from Section [AntiAliasingQuality@3] File [C:/Unreal/MyProject/LevelUp_UE_4.27/LevelUp_Vehicle/Saved/Config/Windows/Scalability.ini]
[2023.01.27-11.57.31:185][  0]LogConfig: Setting CVar [[r.PostProcessAAQuality:4]]
[2023.01.27-11.57.31:185][  0]LogConfig: Applying CVar settings from Section [ShadowQuality@3] File [C:/Unreal/MyProject/LevelUp_UE_4.27/LevelUp_Vehicle/Saved/Config/Windows/Scalability.ini]
[2023.01.27-11.57.31:185][  0]LogConfig: Setting CVar [[r.LightFunctionQuality:1]]
[2023.01.27-11.57.31:185][  0]LogConfig: Setting CVar [[r.ShadowQuality:5]]
[2023.01.27-11.57.31:185][  0]LogConfig: Setting CVar [[r.Shadow.CSM.MaxCascades:10]]
[2023.01.27-11.57.31:185][  0]LogConfig: Setting CVar [[r.Shadow.MaxResolution:2048]]
[2023.01.27-11.57.31:185][  0]LogConfig: Setting CVar [[r.Shadow.MaxCSMResolution:2048]]
[2023.01.27-11.57.31:185][  0]LogConfig: Setting CVar [[r.Shadow.RadiusThreshold:0.01]]
[2023.01.27-11.57.31:185][  0]LogConfig: Setting CVar [[r.Shadow.DistanceScale:1.0]]
[2023.01.27-11.57.31:185][  0]LogConfig: Setting CVar [[r.Shadow.CSM.TransitionScale:1.0]]
[2023.01.27-11.57.31:185][  0]LogConfig: Setting CVar [[r.Shadow.PreShadowResolutionFactor:1.0]]
[2023.01.27-11.57.31:185][  0]LogConfig: Setting CVar [[r.DistanceFieldShadowing:1]]
[2023.01.27-11.57.31:185][  0]LogConfig: Setting CVar [[r.DistanceFieldAO:1]]
[2023.01.27-11.57.31:185][  0]LogConfig: Setting CVar [[r.AOQuality:2]]
[2023.01.27-11.57.31:185][  0]LogConfig: Setting CVar [[r.VolumetricFog:1]]
[2023.01.27-11.57.31:185][  0]LogConfig: Setting CVar [[r.VolumetricFog.GridPixelSize:8]]
[2023.01.27-11.57.31:185][  0]LogConfig: Setting CVar [[r.VolumetricFog.GridSizeZ:128]]
[2023.01.27-11.57.31:185][  0]LogConfig: Setting CVar [[r.VolumetricFog.HistoryMissSupersampleCount:4]]
[2023.01.27-11.57.31:185][  0]LogConfig: Setting CVar [[r.LightMaxDrawDistanceScale:1]]
[2023.01.27-11.57.31:185][  0]LogConfig: Setting CVar [[r.CapsuleShadows:1]]
[2023.01.27-11.57.31:185][  0]LogConfig: Applying CVar settings from Section [PostProcessQuality@3] File [C:/Unreal/MyProject/LevelUp_UE_4.27/LevelUp_Vehicle/Saved/Config/Windows/Scalability.ini]
[2023.01.27-11.57.31:185][  0]LogConfig: Setting CVar [[r.MotionBlurQuality:4]]
[2023.01.27-11.57.31:185][  0]LogConfig: Setting CVar [[r.AmbientOcclusionMipLevelFactor:0.4]]
[2023.01.27-11.57.31:185][  0]LogConfig: Setting CVar [[r.AmbientOcclusionMaxQuality:100]]
[2023.01.27-11.57.31:185][  0]LogConfig: Setting CVar [[r.AmbientOcclusionLevels:-1]]
[2023.01.27-11.57.31:185][  0]LogConfig: Setting CVar [[r.AmbientOcclusionRadiusScale:1.0]]
[2023.01.27-11.57.31:185][  0]LogConfig: Setting CVar [[r.DepthOfFieldQuality:2]]
[2023.01.27-11.57.31:185][  0]LogConfig: Setting CVar [[r.RenderTargetPoolMin:400]]
[2023.01.27-11.57.31:185][  0]LogConfig: Setting CVar [[r.LensFlareQuality:2]]
[2023.01.27-11.57.31:185][  0]LogConfig: Setting CVar [[r.SceneColorFringeQuality:1]]
[2023.01.27-11.57.31:185][  0]LogConfig: Setting CVar [[r.EyeAdaptationQuality:2]]
[2023.01.27-11.57.31:185][  0]LogConfig: Setting CVar [[r.BloomQuality:5]]
[2023.01.27-11.57.31:185][  0]LogConfig: Setting CVar [[r.FastBlurThreshold:100]]
[2023.01.27-11.57.31:185][  0]LogConfig: Setting CVar [[r.Upscale.Quality:3]]
[2023.01.27-11.57.31:185][  0]LogConfig: Setting CVar [[r.Tonemapper.GrainQuantization:1]]
[2023.01.27-11.57.31:185][  0]LogConfig: Setting CVar [[r.LightShaftQuality:1]]
[2023.01.27-11.57.31:185][  0]LogConfig: Setting CVar [[r.Filter.SizeScale:1]]
[2023.01.27-11.57.31:185][  0]LogConfig: Setting CVar [[r.Tonemapper.Quality:5]]
[2023.01.27-11.57.31:185][  0]LogConfig: Setting CVar [[r.DOF.Gather.AccumulatorQuality:1        ; higher gathering accumulator quality]]
[2023.01.27-11.57.31:185][  0]LogConfig: Setting CVar [[r.DOF.Gather.PostfilterMethod:1          ; Median3x3 postfilering method]]
[2023.01.27-11.57.31:185][  0]LogConfig: Setting CVar [[r.DOF.Gather.EnableBokehSettings:0       ; no bokeh simulation when gathering]]
[2023.01.27-11.57.31:185][  0]LogConfig: Setting CVar [[r.DOF.Gather.RingCount:4                 ; medium number of samples when gathering]]
[2023.01.27-11.57.31:185][  0]LogConfig: Setting CVar [[r.DOF.Scatter.ForegroundCompositing:1    ; additive foreground scattering]]
[2023.01.27-11.57.31:185][  0]LogConfig: Setting CVar [[r.DOF.Scatter.BackgroundCompositing:2    ; additive background scattering]]
[2023.01.27-11.57.31:185][  0]LogConfig: Setting CVar [[r.DOF.Scatter.EnableBokehSettings:1      ; bokeh simulation when scattering]]
[2023.01.27-11.57.31:185][  0]LogConfig: Setting CVar [[r.DOF.Scatter.MaxSpriteRatio:0.1         ; only a maximum of 10% of scattered bokeh]]
[2023.01.27-11.57.31:185][  0]LogConfig: Setting CVar [[r.DOF.Recombine.Quality:1                ; cheap slight out of focus]]
[2023.01.27-11.57.31:185][  0]LogConfig: Setting CVar [[r.DOF.Recombine.EnableBokehSettings:0    ; no bokeh simulation on slight out of focus]]
[2023.01.27-11.57.31:185][  0]LogConfig: Setting CVar [[r.DOF.TemporalAAQuality:1                ; more stable temporal accumulation]]
[2023.01.27-11.57.31:185][  0]LogConfig: Setting CVar [[r.DOF.Kernel.MaxForegroundRadius:0.025]]
[2023.01.27-11.57.31:185][  0]LogConfig: Setting CVar [[r.DOF.Kernel.MaxBackgroundRadius:0.025]]
[2023.01.27-11.57.31:185][  0]LogConfig: Applying CVar settings from Section [TextureQuality@3] File [C:/Unreal/MyProject/LevelUp_UE_4.27/LevelUp_Vehicle/Saved/Config/Windows/Scalability.ini]
[2023.01.27-11.57.31:185][  0]LogConfig: Setting CVar [[r.Streaming.MipBias:0]]
[2023.01.27-11.57.31:185][  0]LogConfig: Setting CVar [[r.Streaming.AmortizeCPUToGPUCopy:0]]
[2023.01.27-11.57.31:185][  0]LogConfig: Setting CVar [[r.Streaming.MaxNumTexturesToStreamPerFrame:0]]
[2023.01.27-11.57.31:185][  0]LogConfig: Setting CVar [[r.Streaming.Boost:1]]
[2023.01.27-11.57.31:185][  0]LogConfig: Setting CVar [[r.MaxAnisotropy:8]]
[2023.01.27-11.57.31:185][  0]LogConfig: Setting CVar [[r.VT.MaxAnisotropy:8]]
[2023.01.27-11.57.31:185][  0]LogConfig: Setting CVar [[r.Streaming.LimitPoolSizeToVRAM:0]]
[2023.01.27-11.57.31:185][  0]LogConfig: Setting CVar [[r.Streaming.PoolSize:1000]]
[2023.01.27-11.57.31:185][  0]LogConfig: Setting CVar [[r.Streaming.MaxEffectiveScreenSize:0]]
[2023.01.27-11.57.31:185][  0]LogConfig: Applying CVar settings from Section [EffectsQuality@3] File [C:/Unreal/MyProject/LevelUp_UE_4.27/LevelUp_Vehicle/Saved/Config/Windows/Scalability.ini]
[2023.01.27-11.57.31:185][  0]LogConfig: Setting CVar [[r.TranslucencyLightingVolumeDim:64]]
[2023.01.27-11.57.31:185][  0]LogConfig: Setting CVar [[r.RefractionQuality:2]]
[2023.01.27-11.57.31:185][  0]LogConfig: Setting CVar [[r.SSR.Quality:3]]
[2023.01.27-11.57.31:185][  0]LogConfig: Setting CVar [[r.SSR.HalfResSceneColor:0]]
[2023.01.27-11.57.31:185][  0]LogConfig: Setting CVar [[r.SceneColorFormat:4]]
[2023.01.27-11.57.31:185][  0]LogConfig: Setting CVar [[r.DetailMode:2]]
[2023.01.27-11.57.31:185][  0]LogConfig: Setting CVar [[r.TranslucencyVolumeBlur:1]]
[2023.01.27-11.57.31:185][  0]LogConfig: Setting CVar [[r.MaterialQualityLevel:1 ; High quality]]
[2023.01.27-11.57.31:185][  0]LogConfig: Setting CVar [[r.AnisotropicMaterials:1]]
[2023.01.27-11.57.31:185][  0]LogConfig: Setting CVar [[r.SSS.Scale:1]]
[2023.01.27-11.57.31:185][  0]LogConfig: Setting CVar [[r.SSS.SampleSet:2]]
[2023.01.27-11.57.31:185][  0]LogConfig: Setting CVar [[r.SSS.Quality:1]]
[2023.01.27-11.57.31:185][  0]LogConfig: Setting CVar [[r.SSS.HalfRes:0]]
[2023.01.27-11.57.31:185][  0]LogConfig: Setting CVar [[r.SSGI.Quality:3]]
[2023.01.27-11.57.31:185][  0]LogConfig: Setting CVar [[r.EmitterSpawnRateScale:1.0]]
[2023.01.27-11.57.31:185][  0]LogConfig: Setting CVar [[r.ParticleLightQuality:2]]
[2023.01.27-11.57.31:185][  0]LogConfig: Setting CVar [[r.SkyAtmosphere.AerialPerspectiveLUT.FastApplyOnOpaque:1 ; Always have FastSkyLUT 1 in this case to avoid wrong sky]]
[2023.01.27-11.57.31:185][  0]LogConfig: Setting CVar [[r.SkyAtmosphere.AerialPerspectiveLUT.SampleCountMaxPerSlice:4]]
[2023.01.27-11.57.31:185][  0]LogConfig: Setting CVar [[r.SkyAtmosphere.AerialPerspectiveLUT.DepthResolution:16.0]]
[2023.01.27-11.57.31:185][  0]LogConfig: Setting CVar [[r.SkyAtmosphere.FastSkyLUT:1]]
[2023.01.27-11.57.31:185][  0]LogConfig: Setting CVar [[r.SkyAtmosphere.FastSkyLUT.SampleCountMin:4.0]]
[2023.01.27-11.57.31:185][  0]LogConfig: Setting CVar [[r.SkyAtmosphere.FastSkyLUT.SampleCountMax:128.0]]
[2023.01.27-11.57.31:185][  0]LogConfig: Setting CVar [[r.SkyAtmosphere.SampleCountMin:4.0]]
[2023.01.27-11.57.31:185][  0]LogConfig: Setting CVar [[r.SkyAtmosphere.SampleCountMax:128.0]]
[2023.01.27-11.57.31:185][  0]LogConfig: Setting CVar [[r.SkyAtmosphere.TransmittanceLUT.UseSmallFormat:0]]
[2023.01.27-11.57.31:185][  0]LogConfig: Setting CVar [[r.SkyAtmosphere.TransmittanceLUT.SampleCount:10.0]]
[2023.01.27-11.57.31:185][  0]LogConfig: Setting CVar [[r.SkyAtmosphere.MultiScatteringLUT.SampleCount:15.0]]
[2023.01.27-11.57.31:185][  0]LogConfig: Setting CVar [[r.SkyLight.RealTimeReflectionCapture:1]]
[2023.01.27-11.57.31:185][  0]LogConfig: Applying CVar settings from Section [FoliageQuality@3] File [C:/Unreal/MyProject/LevelUp_UE_4.27/LevelUp_Vehicle/Saved/Config/Windows/Scalability.ini]
[2023.01.27-11.57.31:185][  0]LogConfig: Setting CVar [[foliage.DensityScale:1.0]]
[2023.01.27-11.57.31:185][  0]LogConfig: Setting CVar [[grass.DensityScale:1.0]]
[2023.01.27-11.57.31:185][  0]LogConfig: Applying CVar settings from Section [ShadingQuality@3] File [C:/Unreal/MyProject/LevelUp_UE_4.27/LevelUp_Vehicle/Saved/Config/Windows/Scalability.ini]
[2023.01.27-11.57.31:185][  0]LogConfig: Setting CVar [[r.HairStrands.SkyLighting.IntegrationType:2]]
[2023.01.27-11.57.31:185][  0]LogConfig: Setting CVar [[r.HairStrands.SkyAO.SampleCount:4]]
[2023.01.27-11.57.31:186][  0]LogConfig: Setting CVar [[r.HairStrands.Visibility.MSAA.SamplePerPixel:4]]
[2023.01.27-11.57.31:189][  0]LogInit: Selected Device Profile: [Windows]
[2023.01.27-11.57.31:189][  0]LogInit: Applying CVar settings loaded from the selected device profile: [Windows]
[2023.01.27-11.57.31:189][  0]LogHAL: Display: Platform has ~ 16 GB [17086066688 / 17179869184 / 16], which maps to Larger [LargestMinGB=32, LargerMinGB=12, DefaultMinGB=8, SmallerMinGB=6, SmallestMinGB=0)
[2023.01.27-11.57.31:189][  0]LogInit: Going up to parent DeviceProfile []
[2023.01.27-11.57.31:189][  0]LogConfig: Applying CVar settings from Section [ViewDistanceQuality@3] File [C:/Unreal/MyProject/LevelUp_UE_4.27/LevelUp_Vehicle/Saved/Config/Windows/Scalability.ini]
[2023.01.27-11.57.31:189][  0]LogConfig: Setting CVar [[r.SkeletalMeshLODBias:0]]
[2023.01.27-11.57.31:189][  0]LogConfig: Setting CVar [[r.ViewDistanceScale:1.0]]
[2023.01.27-11.57.31:189][  0]LogConfig: Applying CVar settings from Section [AntiAliasingQuality@3] File [C:/Unreal/MyProject/LevelUp_UE_4.27/LevelUp_Vehicle/Saved/Config/Windows/Scalability.ini]
[2023.01.27-11.57.31:189][  0]LogConfig: Setting CVar [[r.PostProcessAAQuality:4]]
[2023.01.27-11.57.31:189][  0]LogConfig: Applying CVar settings from Section [ShadowQuality@3] File [C:/Unreal/MyProject/LevelUp_UE_4.27/LevelUp_Vehicle/Saved/Config/Windows/Scalability.ini]
[2023.01.27-11.57.31:189][  0]LogConfig: Setting CVar [[r.LightFunctionQuality:1]]
[2023.01.27-11.57.31:189][  0]LogConfig: Setting CVar [[r.ShadowQuality:5]]
[2023.01.27-11.57.31:189][  0]LogConfig: Setting CVar [[r.Shadow.CSM.MaxCascades:10]]
[2023.01.27-11.57.31:189][  0]LogConfig: Setting CVar [[r.Shadow.MaxResolution:2048]]
[2023.01.27-11.57.31:189][  0]LogConfig: Setting CVar [[r.Shadow.MaxCSMResolution:2048]]
[2023.01.27-11.57.31:189][  0]LogConfig: Setting CVar [[r.Shadow.RadiusThreshold:0.01]]
[2023.01.27-11.57.31:189][  0]LogConfig: Setting CVar [[r.Shadow.DistanceScale:1.0]]
[2023.01.27-11.57.31:189][  0]LogConfig: Setting CVar [[r.Shadow.CSM.TransitionScale:1.0]]
[2023.01.27-11.57.31:189][  0]LogConfig: Setting CVar [[r.Shadow.PreShadowResolutionFactor:1.0]]
[2023.01.27-11.57.31:189][  0]LogConfig: Setting CVar [[r.DistanceFieldShadowing:1]]
[2023.01.27-11.57.31:189][  0]LogConfig: Setting CVar [[r.DistanceFieldAO:1]]
[2023.01.27-11.57.31:189][  0]LogConfig: Setting CVar [[r.AOQuality:2]]
[2023.01.27-11.57.31:189][  0]LogConfig: Setting CVar [[r.VolumetricFog:1]]
[2023.01.27-11.57.31:189][  0]LogConfig: Setting CVar [[r.VolumetricFog.GridPixelSize:8]]
[2023.01.27-11.57.31:189][  0]LogConfig: Setting CVar [[r.VolumetricFog.GridSizeZ:128]]
[2023.01.27-11.57.31:189][  0]LogConfig: Setting CVar [[r.VolumetricFog.HistoryMissSupersampleCount:4]]
[2023.01.27-11.57.31:189][  0]LogConfig: Setting CVar [[r.LightMaxDrawDistanceScale:1]]
[2023.01.27-11.57.31:189][  0]LogConfig: Setting CVar [[r.CapsuleShadows:1]]
[2023.01.27-11.57.31:189][  0]LogConfig: Applying CVar settings from Section [PostProcessQuality@3] File [C:/Unreal/MyProject/LevelUp_UE_4.27/LevelUp_Vehicle/Saved/Config/Windows/Scalability.ini]
[2023.01.27-11.57.31:189][  0]LogConfig: Setting CVar [[r.MotionBlurQuality:4]]
[2023.01.27-11.57.31:189][  0]LogConfig: Setting CVar [[r.AmbientOcclusionMipLevelFactor:0.4]]
[2023.01.27-11.57.31:189][  0]LogConfig: Setting CVar [[r.AmbientOcclusionMaxQuality:100]]
[2023.01.27-11.57.31:189][  0]LogConfig: Setting CVar [[r.AmbientOcclusionLevels:-1]]
[2023.01.27-11.57.31:189][  0]LogConfig: Setting CVar [[r.AmbientOcclusionRadiusScale:1.0]]
[2023.01.27-11.57.31:189][  0]LogConfig: Setting CVar [[r.DepthOfFieldQuality:2]]
[2023.01.27-11.57.31:189][  0]LogConfig: Setting CVar [[r.RenderTargetPoolMin:400]]
[2023.01.27-11.57.31:189][  0]LogConfig: Setting CVar [[r.LensFlareQuality:2]]
[2023.01.27-11.57.31:189][  0]LogConfig: Setting CVar [[r.SceneColorFringeQuality:1]]
[2023.01.27-11.57.31:189][  0]LogConfig: Setting CVar [[r.EyeAdaptationQuality:2]]
[2023.01.27-11.57.31:189][  0]LogConfig: Setting CVar [[r.BloomQuality:5]]
[2023.01.27-11.57.31:189][  0]LogConfig: Setting CVar [[r.FastBlurThreshold:100]]
[2023.01.27-11.57.31:189][  0]LogConfig: Setting CVar [[r.Upscale.Quality:3]]
[2023.01.27-11.57.31:189][  0]LogConfig: Setting CVar [[r.Tonemapper.GrainQuantization:1]]
[2023.01.27-11.57.31:189][  0]LogConfig: Setting CVar [[r.LightShaftQuality:1]]
[2023.01.27-11.57.31:189][  0]LogConfig: Setting CVar [[r.Filter.SizeScale:1]]
[2023.01.27-11.57.31:189][  0]LogConfig: Setting CVar [[r.Tonemapper.Quality:5]]
[2023.01.27-11.57.31:189][  0]LogConfig: Setting CVar [[r.DOF.Gather.AccumulatorQuality:1        ; higher gathering accumulator quality]]
[2023.01.27-11.57.31:189][  0]LogConfig: Setting CVar [[r.DOF.Gather.PostfilterMethod:1          ; Median3x3 postfilering method]]
[2023.01.27-11.57.31:189][  0]LogConfig: Setting CVar [[r.DOF.Gather.EnableBokehSettings:0       ; no bokeh simulation when gathering]]
[2023.01.27-11.57.31:189][  0]LogConfig: Setting CVar [[r.DOF.Gather.RingCount:4                 ; medium number of samples when gathering]]
[2023.01.27-11.57.31:189][  0]LogConfig: Setting CVar [[r.DOF.Scatter.ForegroundCompositing:1    ; additive foreground scattering]]
[2023.01.27-11.57.31:189][  0]LogConfig: Setting CVar [[r.DOF.Scatter.BackgroundCompositing:2    ; additive background scattering]]
[2023.01.27-11.57.31:189][  0]LogConfig: Setting CVar [[r.DOF.Scatter.EnableBokehSettings:1      ; bokeh simulation when scattering]]
[2023.01.27-11.57.31:189][  0]LogConfig: Setting CVar [[r.DOF.Scatter.MaxSpriteRatio:0.1         ; only a maximum of 10% of scattered bokeh]]
[2023.01.27-11.57.31:189][  0]LogConfig: Setting CVar [[r.DOF.Recombine.Quality:1                ; cheap slight out of focus]]
[2023.01.27-11.57.31:189][  0]LogConfig: Setting CVar [[r.DOF.Recombine.EnableBokehSettings:0    ; no bokeh simulation on slight out of focus]]
[2023.01.27-11.57.31:189][  0]LogConfig: Setting CVar [[r.DOF.TemporalAAQuality:1                ; more stable temporal accumulation]]
[2023.01.27-11.57.31:189][  0]LogConfig: Setting CVar [[r.DOF.Kernel.MaxForegroundRadius:0.025]]
[2023.01.27-11.57.31:189][  0]LogConfig: Setting CVar [[r.DOF.Kernel.MaxBackgroundRadius:0.025]]
[2023.01.27-11.57.31:189][  0]LogConfig: Applying CVar settings from Section [TextureQuality@3] File [C:/Unreal/MyProject/LevelUp_UE_4.27/LevelUp_Vehicle/Saved/Config/Windows/Scalability.ini]
[2023.01.27-11.57.31:189][  0]LogConfig: Setting CVar [[r.Streaming.MipBias:0]]
[2023.01.27-11.57.31:189][  0]LogConfig: Setting CVar [[r.Streaming.AmortizeCPUToGPUCopy:0]]
[2023.01.27-11.57.31:189][  0]LogConfig: Setting CVar [[r.Streaming.MaxNumTexturesToStreamPerFrame:0]]
[2023.01.27-11.57.31:189][  0]LogConfig: Setting CVar [[r.Streaming.Boost:1]]
[2023.01.27-11.57.31:189][  0]LogConfig: Setting CVar [[r.MaxAnisotropy:8]]
[2023.01.27-11.57.31:189][  0]LogConfig: Setting CVar [[r.VT.MaxAnisotropy:8]]
[2023.01.27-11.57.31:189][  0]LogConfig: Setting CVar [[r.Streaming.LimitPoolSizeToVRAM:0]]
[2023.01.27-11.57.31:189][  0]LogConfig: Setting CVar [[r.Streaming.PoolSize:1000]]
[2023.01.27-11.57.31:189][  0]LogConfig: Setting CVar [[r.Streaming.MaxEffectiveScreenSize:0]]
[2023.01.27-11.57.31:189][  0]LogConfig: Applying CVar settings from Section [EffectsQuality@3] File [C:/Unreal/MyProject/LevelUp_UE_4.27/LevelUp_Vehicle/Saved/Config/Windows/Scalability.ini]
[2023.01.27-11.57.31:189][  0]LogConfig: Setting CVar [[r.TranslucencyLightingVolumeDim:64]]
[2023.01.27-11.57.31:189][  0]LogConfig: Setting CVar [[r.RefractionQuality:2]]
[2023.01.27-11.57.31:189][  0]LogConfig: Setting CVar [[r.SSR.Quality:3]]
[2023.01.27-11.57.31:189][  0]LogConfig: Setting CVar [[r.SSR.HalfResSceneColor:0]]
[2023.01.27-11.57.31:190][  0]LogConfig: Setting CVar [[r.SceneColorFormat:4]]
[2023.01.27-11.57.31:190][  0]LogConfig: Setting CVar [[r.DetailMode:2]]
[2023.01.27-11.57.31:190][  0]LogConfig: Setting CVar [[r.TranslucencyVolumeBlur:1]]
[2023.01.27-11.57.31:190][  0]LogConfig: Setting CVar [[r.MaterialQualityLevel:1 ; High quality]]
[2023.01.27-11.57.31:190][  0]LogConfig: Setting CVar [[r.AnisotropicMaterials:1]]
[2023.01.27-11.57.31:190][  0]LogConfig: Setting CVar [[r.SSS.Scale:1]]
[2023.01.27-11.57.31:190][  0]LogConfig: Setting CVar [[r.SSS.SampleSet:2]]
[2023.01.27-11.57.31:190][  0]LogConfig: Setting CVar [[r.SSS.Quality:1]]
[2023.01.27-11.57.31:190][  0]LogConfig: Setting CVar [[r.SSS.HalfRes:0]]
[2023.01.27-11.57.31:190][  0]LogConfig: Setting CVar [[r.SSGI.Quality:3]]
[2023.01.27-11.57.31:190][  0]LogConfig: Setting CVar [[r.EmitterSpawnRateScale:1.0]]
[2023.01.27-11.57.31:190][  0]LogConfig: Setting CVar [[r.ParticleLightQuality:2]]
[2023.01.27-11.57.31:190][  0]LogConfig: Setting CVar [[r.SkyAtmosphere.AerialPerspectiveLUT.FastApplyOnOpaque:1 ; Always have FastSkyLUT 1 in this case to avoid wrong sky]]
[2023.01.27-11.57.31:190][  0]LogConfig: Setting CVar [[r.SkyAtmosphere.AerialPerspectiveLUT.SampleCountMaxPerSlice:4]]
[2023.01.27-11.57.31:190][  0]LogConfig: Setting CVar [[r.SkyAtmosphere.AerialPerspectiveLUT.DepthResolution:16.0]]
[2023.01.27-11.57.31:190][  0]LogConfig: Setting CVar [[r.SkyAtmosphere.FastSkyLUT:1]]
[2023.01.27-11.57.31:190][  0]LogConfig: Setting CVar [[r.SkyAtmosphere.FastSkyLUT.SampleCountMin:4.0]]
[2023.01.27-11.57.31:190][  0]LogConfig: Setting CVar [[r.SkyAtmosphere.FastSkyLUT.SampleCountMax:128.0]]
[2023.01.27-11.57.31:190][  0]LogConfig: Setting CVar [[r.SkyAtmosphere.SampleCountMin:4.0]]
[2023.01.27-11.57.31:190][  0]LogConfig: Setting CVar [[r.SkyAtmosphere.SampleCountMax:128.0]]
[2023.01.27-11.57.31:190][  0]LogConfig: Setting CVar [[r.SkyAtmosphere.TransmittanceLUT.UseSmallFormat:0]]
[2023.01.27-11.57.31:190][  0]LogConfig: Setting CVar [[r.SkyAtmosphere.TransmittanceLUT.SampleCount:10.0]]
[2023.01.27-11.57.31:190][  0]LogConfig: Setting CVar [[r.SkyAtmosphere.MultiScatteringLUT.SampleCount:15.0]]
[2023.01.27-11.57.31:190][  0]LogConfig: Setting CVar [[r.SkyLight.RealTimeReflectionCapture:1]]
[2023.01.27-11.57.31:190][  0]LogConfig: Applying CVar settings from Section [FoliageQuality@3] File [C:/Unreal/MyProject/LevelUp_UE_4.27/LevelUp_Vehicle/Saved/Config/Windows/Scalability.ini]
[2023.01.27-11.57.31:190][  0]LogConfig: Setting CVar [[foliage.DensityScale:1.0]]
[2023.01.27-11.57.31:190][  0]LogConfig: Setting CVar [[grass.DensityScale:1.0]]
[2023.01.27-11.57.31:190][  0]LogConfig: Applying CVar settings from Section [ShadingQuality@3] File [C:/Unreal/MyProject/LevelUp_UE_4.27/LevelUp_Vehicle/Saved/Config/Windows/Scalability.ini]
[2023.01.27-11.57.31:190][  0]LogConfig: Setting CVar [[r.HairStrands.SkyLighting.IntegrationType:2]]
[2023.01.27-11.57.31:190][  0]LogConfig: Setting CVar [[r.HairStrands.SkyAO.SampleCount:4]]
[2023.01.27-11.57.31:190][  0]LogConfig: Setting CVar [[r.HairStrands.Visibility.MSAA.SamplePerPixel:4]]
[2023.01.27-11.57.31:190][  0]LogConfig: Applying CVar settings from Section [Startup] File [../../../Engine/Config/ConsoleVariables.ini]
[2023.01.27-11.57.31:190][  0]LogConfig: Setting CVar [[net.UseAdaptiveNetUpdateFrequency:0]]
[2023.01.27-11.57.31:190][  0]LogConfig: Setting CVar [[p.chaos.AllowCreatePhysxBodies:1]]
[2023.01.27-11.57.31:190][  0]LogConfig: Setting CVar [[fx.SkipVectorVMBackendOptimizations:1]]
[2023.01.27-11.57.31:190][  0]LogConfig: Applying CVar settings from Section [ConsoleVariables] File [C:/Unreal/MyProject/LevelUp_UE_4.27/LevelUp_Vehicle/Saved/Config/Windows/Engine.ini]
[2023.01.27-11.57.31:190][  0]LogConfig: Applying CVar settings from Section [ConsoleVariables] File [C:/Unreal/MyProject/LevelUp_UE_4.27/LevelUp_Vehicle/Saved/Config/Windows/Editor.ini]
[2023.01.27-11.57.31:190][  0]LogInit: Computer: DESKTOP-B2E855P
[2023.01.27-11.57.31:190][  0]LogInit: User: gyu37
[2023.01.27-11.57.31:190][  0]LogInit: CPU Page size=4096, Cores=6
[2023.01.27-11.57.31:190][  0]LogInit: High frequency timer resolution =10.000000 MHz
[2023.01.27-11.57.31:190][  0]LogMemory: Memory total: Physical=15.9GB (16GB approx)
[2023.01.27-11.57.31:190][  0]LogMemory: Platform Memory Stats for Windows
[2023.01.27-11.57.31:190][  0]LogMemory: Process Physical Memory: 143.97 MB used, 143.97 MB peak
[2023.01.27-11.57.31:190][  0]LogMemory: Process Virtual Memory: 111.63 MB used, 111.63 MB peak
[2023.01.27-11.57.31:190][  0]LogMemory: Physical Memory: 9859.07 MB used,  6435.47 MB free, 16294.54 MB total
[2023.01.27-11.57.31:190][  0]LogMemory: Virtual Memory: 134197992.00 MB used,  19736.10 MB free, 134217728.00 MB total
[2023.01.27-11.57.31:195][  0]LogWindows: WindowsPlatformFeatures enabled
[2023.01.27-11.57.31:231][  0]LogInit: Physics initialised using underlying interface: PhysX
[2023.01.27-11.57.31:231][  0]LogInit: Overriding language with editor language configuration option (ko).
[2023.01.27-11.57.31:231][  0]LogInit: Using OS detected locale (ko-KR).
[2023.01.27-11.57.31:680][  0]LogTargetPlatformManager: Display: Loaded TargetPlatform 'AllDesktop'
[2023.01.27-11.57.31:698][  0]LogTargetPlatformManager: Display: Loaded TargetPlatform 'Android'
[2023.01.27-11.57.31:698][  0]LogTargetPlatformManager: Display: Loaded TargetPlatform 'Android_ASTC'
[2023.01.27-11.57.31:698][  0]LogTargetPlatformManager: Display: Loaded TargetPlatform 'Android_DXT'
[2023.01.27-11.57.31:698][  0]LogTargetPlatformManager: Display: Loaded TargetPlatform 'Android_ETC2'
[2023.01.27-11.57.31:698][  0]LogTargetPlatformManager: Display: Loaded TargetPlatform 'AndroidClient'
[2023.01.27-11.57.31:698][  0]LogTargetPlatformManager: Display: Loaded TargetPlatform 'Android_ASTCClient'
[2023.01.27-11.57.31:698][  0]LogTargetPlatformManager: Display: Loaded TargetPlatform 'Android_DXTClient'
[2023.01.27-11.57.31:698][  0]LogTargetPlatformManager: Display: Loaded TargetPlatform 'Android_ETC2Client'
[2023.01.27-11.57.31:698][  0]LogTargetPlatformManager: Display: Loaded TargetPlatform 'Android_Multi'
[2023.01.27-11.57.31:699][  0]LogTargetPlatformManager: Display: Loaded TargetPlatform 'Android_MultiClient'
[2023.01.27-11.57.31:717][  0]LogTargetPlatformManager: Display: Loaded TargetPlatform 'IOSClient'
[2023.01.27-11.57.31:717][  0]LogTargetPlatformManager: Display: Loaded TargetPlatform 'IOS'
[2023.01.27-11.57.31:727][  0]LogTargetPlatformManager: Display: Loaded TargetPlatform 'Linux'
[2023.01.27-11.57.31:731][  0]LogTargetPlatformManager: Display: Loaded TargetPlatform 'LinuxNoEditor'
[2023.01.27-11.57.31:736][  0]LogTargetPlatformManager: Display: Loaded TargetPlatform 'LinuxClient'
[2023.01.27-11.57.31:741][  0]LogTargetPlatformManager: Display: Loaded TargetPlatform 'LinuxServer'
[2023.01.27-11.57.31:750][  0]LogTargetPlatformManager: Display: Loaded TargetPlatform 'LinuxAArch64NoEditor'
[2023.01.27-11.57.31:756][  0]LogTargetPlatformManager: Display: Loaded TargetPlatform 'LinuxAArch64Client'
[2023.01.27-11.57.31:760][  0]LogTargetPlatformManager: Display: Loaded TargetPlatform 'LinuxAArch64Server'
[2023.01.27-11.57.31:780][  0]LogTargetPlatformManager: Display: Loaded TargetPlatform 'Lumin'
[2023.01.27-11.57.31:780][  0]LogTargetPlatformManager: Display: Loaded TargetPlatform 'LuminClient'
[2023.01.27-11.57.31:787][  0]LogTargetPlatformManager: Display: Loaded TargetPlatform 'MacNoEditor'
[2023.01.27-11.57.31:792][  0]LogTargetPlatformManager: Display: Loaded TargetPlatform 'Mac'
[2023.01.27-11.57.31:797][  0]LogTargetPlatformManager: Display: Loaded TargetPlatform 'MacClient'
[2023.01.27-11.57.31:801][  0]LogTargetPlatformManager: Display: Loaded TargetPlatform 'MacServer'
[2023.01.27-11.57.31:811][  0]LogTargetPlatformManager: Display: Loaded TargetPlatform 'TVOSClient'
[2023.01.27-11.57.31:812][  0]LogTargetPlatformManager: Display: Loaded TargetPlatform 'TVOS'
[2023.01.27-11.57.31:820][  0]LogTargetPlatformManager: Display: Loaded TargetPlatform 'WindowsNoEditor'
[2023.01.27-11.57.31:826][  0]LogTargetPlatformManager: Display: Loaded TargetPlatform 'Windows'
[2023.01.27-11.57.31:830][  0]LogTargetPlatformManager: Display: Loaded TargetPlatform 'WindowsClient'
[2023.01.27-11.57.31:836][  0]LogTargetPlatformManager: Display: Loaded TargetPlatform 'WindowsServer'
[2023.01.27-11.57.31:836][  0]LogTargetPlatformManager: Display: Building Assets For Windows
[2023.01.27-11.57.31:845][  0]LogAudioDebug: Display: Lib vorbis DLL was dynamically loaded.
[2023.01.27-11.57.31:878][  0]LogTextureFormatOodle: Display: Oodle Texture 2.9.0 init RDO Off
[2023.01.27-11.57.31:909][  0]LogRendererCore: Ray tracing is disabled. Reason: r.RayTracing=0.
[2023.01.27-11.57.31:910][  0]LogDerivedDataCache: Display: Max Cache Size: 512 MB
[2023.01.27-11.57.31:964][  0]LogDerivedDataCache: Loaded boot cache 0.05s 94MB C:/Users/gyu37/AppData/Local/UnrealEngine/4.27/DerivedDataCache/Boot.ddc.
[2023.01.27-11.57.31:964][  0]LogDerivedDataCache: Display: Loaded Boot cache: C:/Users/gyu37/AppData/Local/UnrealEngine/4.27/DerivedDataCache/Boot.ddc
[2023.01.27-11.57.31:965][  0]LogDerivedDataCache: FDerivedDataBackendGraph:  Pak pak cache file ../../../../../MyProject/LevelUp_UE_4.27/LevelUp_Vehicle/DerivedDataCache/DDC.ddp not found, will not use a pak cache.
[2023.01.27-11.57.31:965][  0]LogDerivedDataCache: Unable to find inner node Pak for hierarchical cache Hierarchy.
[2023.01.27-11.57.31:965][  0]LogDerivedDataCache: FDerivedDataBackendGraph:  CompressedPak pak cache file ../../../../../MyProject/LevelUp_UE_4.27/LevelUp_Vehicle/DerivedDataCache/Compressed.ddp not found, will not use a pak cache.
[2023.01.27-11.57.31:965][  0]LogDerivedDataCache: Unable to find inner node CompressedPak for hierarchical cache Hierarchy.
[2023.01.27-11.57.31:980][  0]LogDerivedDataCache: Display: Pak cache opened for reading ../../../Engine/DerivedDataCache/Compressed.ddp.
[2023.01.27-11.57.31:980][  0]LogDerivedDataCache: FDerivedDataBackendGraph:  EnterprisePak pak cache file ../../../Enterprise/DerivedDataCache/Compressed.ddp not found, will not use a pak cache.
[2023.01.27-11.57.31:980][  0]LogDerivedDataCache: Unable to find inner node EnterprisePak for hierarchical cache Hierarchy.
[2023.01.27-11.57.31:987][  0]LogDerivedDataCache: Speed tests for C:/Users/gyu37/AppData/Local/UnrealEngine/Common/DerivedDataCache took 0.01 seconds
[2023.01.27-11.57.31:987][  0]LogDerivedDataCache: Display: Performance to C:/Users/gyu37/AppData/Local/UnrealEngine/Common/DerivedDataCache: Latency=0.02ms. RandomReadSpeed=1721.64MBs, RandomWriteSpeed=156.57MBs. Assigned SpeedClass 'Local'
[2023.01.27-11.57.31:988][  0]LogDerivedDataCache: Using Local data cache path C:/Users/gyu37/AppData/Local/UnrealEngine/Common/DerivedDataCache: Writable
[2023.01.27-11.57.31:988][  0]LogDerivedDataCache: Shared data cache path not found in *engine.ini, will not use an Shared cache.
[2023.01.27-11.57.31:988][  0]LogDerivedDataCache: Unable to find inner node Shared for hierarchical cache Hierarchy.
[2023.01.27-11.57.31:995][  0]LogAssetRegistry: FAssetRegistry took 0.0016 seconds to start up
[2023.01.27-11.57.32:220][  0]LogInit: Selected Device Profile: [Windows]
[2023.01.27-11.57.32:220][  0]LogInit: Active device profile: [000001F9CCC58900][000001F9CD53FB40 49] Windows
[2023.01.27-11.57.32:220][  0]LogInit: Profiles: [000001F9CCC58900][000001F9CD53FB40 49] Windows, [000001F9CCC27800][000001F9CD54C140 49] WindowsNoEditor, [000001F9CCC5B500][000001F9CD5502C0 49] WindowsServer, [000001F9CCC24E00][000001F9CD554440 49] WindowsClient, [000001F9CCC5B800][000001F9CD5585C0 49] IOS, [000001F9CCC26800][000001F9CD55C740 49] iPadAir, [000001F9CCC5A000][000001F9CD5608C0 49] iPadAir2, [000001F9CCBD8A00][000001F9CD56EB80 49] IPadPro, [000001F9CCBD8B00][000001F9CD564BC0 49] iPadAir3, [000001F9CCC25900][000001F9CD542D00 49] iPadAir4, [000001F9CCBDB400][000001F9CD578E40 49] iPadMini2, [000001F9CCC26A00][000001F9CD57CF80 49] iPadMini3, [000001F9CCBD9700][000001F9CD585100 49] iPadMini4, [000001F9CCC59100][000001F9CD589280 49] iPadMini5, [000001F9CCC04300][000001F9CD591540 49] iPhone6, [000001F9CCC04400][000001F9CD58D580 49] iPodTouch6, [000001F9CCBC7F00][000001F9CD599840 49] iPhone7, [000001F9CCBC7E00][000001F9CD595880 49] iPodTouch7, [000001F9CCC26000][000001F9CD59DA00 49] iPhone5S, [000001F9CCBC5A00][000001F9CD5A1B80 49] iPhone6Plus, [000001F9CCC04200][000001F9CD5A4180 49] iPhone6S, [000001F9CCBC4600][000001F9CD5A8300 49] iPhone6SPlus, [000001F9CCC06900][000001F9CD5AC480 49] iPhone7Plus, [000001F9CCBC7100][000001F9CD5B0600 49] iPhoneSE, [000001F9CCC06200][000001F9CD5B4780 49] iPhone8, [000001F9CCBC7B00][000001F9CD5B8900 49] iPhone8Plus, [000001F9CCC04A00][000001F9CD5BCA80 49] iPhoneX, [000001F9CCBC5400][000001F9CD5C0C00 49] iPhoneXS, [000001F9CCC07D00][000001F9CD5C4D80 49] iPhoneXSMax, [000001F9CCBC4500][000001F9CD580EC0 49] iPhoneXR, [000001F9CCC05300][000001F9CD5C9000 49] iPhone11, [000001F9CCBC6700][000001F9CD5CD140 49] iPhone11Pro, [000001F9CCC05000][000001F9CD5D52C0 49] iPhone11ProMax, [000001F9CCBC6A00][000001F9CD5D9440 49] iPhoneSE2, [000001F9CCC05400][000001F9CD5DD5C0 49] iPhone12Mini, [000001F9CCBC6400][000001F9CD5F1740 49] iPhone12, [000001F9CCC04D00][000001F9CD5F58C0 49] iPhone12Pro, [000001F9CCBC6B00][000001F9CD5F9A40 49] iPhone12ProMax, [000001F9CCC07000][000001F9CD5FDBC0 49] iPadPro105, [000001F9CCBC4700][000001F9CD6001C0 49] iPadPro129, [000001F9CCC06800][000001F9CD604340 49] iPadPro97, [000001F9CCBC6600][000001F9CD6084C0 49] iPadPro2_129, [000001F9CCC07C00][000001F9CD60C640 49] iPad5, [000001F9CCBC6200][000001F9CD6107C0 49] iPad6, [000001F9CCC04F00][000001F9CD614940 49] iPad7, [000001F9CCBC7C00][000001F9CD618AC0 49] iPad8, [000001F9CCC07400][000001F9CD61CC40 49] iPadPro11, [000001F9CCBC6F00][000001F9CD620DC0 49] iPadPro2_11, [000001F9CCC07900][000001F9CD624F40 49] iPadPro3_129, [000001F9CCBC5700][000001F9CD5D1080 49] iPadPro4_129, [000001F9CCC05100][000001F9CD6291C0 49] AppleTV, [000001F9CCBC6100][000001F9CD62D300 49] AppleTV4K, [000001F9CCC05F00][000001F9CD631440 49] TVOS, [000001F9CCBC7400][000001F9CD6395C0 49] Mac, [000001F9CCC07800][000001F9CD63D740 49] MacClient, [000001F9CCBC5E00][000001F9CD6418C0 49] MacNoEditor, [000001F9CCC07F00][000001F9CD645A40 49] MacServer, [000001F9CCBC5200][000001F9CD649BC0 49] Linux, [000001F9CCC04C00][000001F9CD64C1C0 49] LinuxAArch64, [000001F9CCBC5F00][000001F9CD650340 49] LinuxNoEditor, [000001F9CCC05B00][000001F9CD6544C0 49] LinuxAArch64NoEditor, [000001F9CCBC7A00][000001F9CD658640 49] LinuxClient, [000001F9CCC07500][000001F9CD65C7C0 49] LinuxAArch64Client, [000001F9CCBC5000][000001F9CD660940 49] LinuxServer, [000001F9CCC06500][000001F9CD664AC0 49] LinuxAArch64Server, [000001F9CCBC4A00][000001F9CD668C40 49] Android, [000001F9CCC07300][000001F9CD66CDC0 49] Android_Low, [000001F9CCBC7500][000001F9CD670F40 49] Android_Mid, [000001F9CCC04600][000001F9CD6750C0 49] Android_High, [000001F9CCBC4200][000001F9CD635200 49] Android_Default, [000001F9CCC07100][000001F9CD679340 49] Android_Adreno4xx, [000001F9CCBC5100][000001F9CD67D480 49] Android_Adreno5xx_Low, [000001F9CCBDB600][000001F9CD6815C0 49] Android_Adreno5xx, [000001F9CCC25500][000001F9CD689740 49] Android_Adreno6xx, [000001F9CCBD8F00][000001F9CD68D8C0 49] Android_Adreno6xx_Vulkan, [000001F9CCC27C00][000001F9CD691A40 49] Android_Mali_T6xx, [000001F9CCBD9100][000001F9CD695BC0 49] Android_Mali_T7xx, [000001F9CCC25600][000001F9CD6981C0 49] Android_Mali_T8xx, [000001F9CCBD9E00][000001F9CD69C340 49] Android_Mali_G71, [000001F9CCC24500][000001F9CD6A04C0 49] Android_Mali_G72, [000001F9CCBD8800][000001F9CD6A4640 49] Android_Mali_G72_Vulkan, [000001F9CCC27A00][000001F9CD6A87C0 49] Android_Mali_G76, [000001F9CCBD8100][000001F9CD6AC940 49] Android_Mali_G76_Vulkan, [000001F9CCC25F00][000001F9CD6B0AC0 49] Android_Mali_G77, [000001F9CCBD9000][000001F9CD6B4C40 49] Android_Mali_G77_Vulkan, [000001F9CCC24A00][000001F9CD6B8DC0 49] Android_Mali_G78, [000001F9CCBDAC00][000001F9CD6BCF40 49] Android_Mali_G78_Vulkan, [000001F9CCC27600][000001F9CD6C10C0 49] Android_Mali_G710, [000001F9CCBDAB00][000001F9CD6C5240 49] Android_Mali_G710_Vulkan, [000001F9CCC27F00][000001F9CD6C93C0 49] Android_Vulkan_SM5, [000001F9CCBDBB00][000001F9CD685500 49] Android_PowerVR_G6xxx, [000001F9CCC24100][000001F9CD6CD640 49] Android_PowerVR_GT7xxx, [000001F9CCBDA300][000001F9CD6D1780 49] Android_PowerVR_GE8xxx, [000001F9CCC24C00][000001F9CD6D9900 49] Android_PowerVR_GM9xxx, [000001F9CCBDA700][000001F9CD6DDA80 49] Android_PowerVR_GM9xxx_Vulkan, [000001F9CCC26700][000001F9CD6E1C00 49] Android_TegraK1, [000001F9CCBD8600][000001F9CD6E4200 49] Android_Unknown_Vulkan, [000001F9CCC26D00][000001F9CD6E8380 49] Lumin, [000001F9CCBD8500][000001F9CD6EC500 49] Lumin_Desktop, [000001F9CCC26500][000001F9CD6F0680 49] HoloLens, 
[2023.01.27-11.57.32:254][  0]LogMeshReduction: Using QuadricMeshReduction for automatic static mesh reduction
[2023.01.27-11.57.32:254][  0]LogMeshReduction: Using SimplygonMeshReduction for automatic skeletal mesh reduction
[2023.01.27-11.57.32:254][  0]LogMeshReduction: Using ProxyLODMeshReduction for automatic mesh merging
[2023.01.27-11.57.32:254][  0]LogMeshReduction: No distributed automatic mesh merging module available
[2023.01.27-11.57.32:254][  0]LogMeshMerging: No distributed automatic mesh merging module available
[2023.01.27-11.57.32:261][  0]LogNetVersion: LevelUp_Vehicle 1.0.0, NetCL: 17155196, EngineNetVer: 17, GameNetVer: 0 (Checksum: 1291766270)
[2023.01.27-11.57.32:374][  0]LogHMD: PokeAHoleMaterial loaded successfully
[2023.01.27-11.57.32:463][  0]LogCollectionManager: Loaded 0 collections in 0.002339 seconds
[2023.01.27-11.57.32:465][  0]LogFileCache: Scanning file cache for directory 'C:/Unreal/MyProject/LevelUp_UE_4.27/LevelUp_Vehicle/Saved/Collections/' took 0.00s
[2023.01.27-11.57.32:465][  0]LogFileCache: Scanning file cache for directory 'C:/Unreal/MyProject/LevelUp_UE_4.27/LevelUp_Vehicle/Content/Developers/gyu37/Collections/' took 0.00s
[2023.01.27-11.57.32:465][  0]LogFileCache: Scanning file cache for directory 'C:/Unreal/MyProject/LevelUp_UE_4.27/LevelUp_Vehicle/Content/Collections/' took 0.00s
[2023.01.27-11.57.32:465][  0]LogCollectionManager: Fixed up redirectors for 0 collections in 0.000001 seconds (updated 0 objects)
[2023.01.27-11.57.32:556][  0]LogNiagaraDebuggerClient: Niagara Debugger Client Initialized | Session: B08DBC484DEC5B454DA125B6A09840E6 | Instance: ACD8B8A6478A95A4EFCEF9BC526FC31E (DESKTOP-B2E855P-18812).
[2023.01.27-11.57.32:613][  0]LogPython: Using Python 3.7.7
[2023.01.27-11.57.33:421][  0]SourceControl: 소스 컨트롤이 꺼졌습니다.
[2023.01.27-11.57.33:421][  0]SourceControl: 소스 컨트롤이 꺼졌습니다.
[2023.01.27-11.57.33:424][  0]SourceControl: 소스 컨트롤이 꺼졌습니다.
[2023.01.27-11.57.33:428][  0]SourceControl: 소스 컨트롤이 꺼졌습니다.
[2023.01.27-11.57.33:438][  0]SourceControl: 소스 컨트롤이 꺼졌습니다.
[2023.01.27-11.57.33:478][  0]LogUProjectInfo: Found projects:
[2023.01.27-11.57.33:514][  0]LogOpenImageDenoise: OIDN starting up
[2023.01.27-11.57.33:531][  0]LogAndroidPermission: UAndroidPermissionCallbackProxy::GetInstance
[2023.01.27-11.57.33:554][  0]LogAudioCaptureCore: Display: No Audio Capture implementations found. Audio input will be silent.
[2023.01.27-11.57.33:554][  0]LogAudioCaptureCore: Display: No Audio Capture implementations found. Audio input will be silent.
[2023.01.27-11.57.33:681][  0]LogOcInput: OculusInput pre-init called
[2023.01.27-11.57.33:712][  0]LogUObjectArray: 23048 objects as part of root set at end of initial load.
[2023.01.27-11.57.33:712][  0]LogUObjectAllocator: 6355680 out of 0 bytes used by permanent object pool.
[2023.01.27-11.57.33:712][  0]LogUObjectArray: CloseDisregardForGC: 0/0 objects in disregard for GC pool
[2023.01.27-11.57.33:714][  0]LogInit: Error: VisualStudioToolsCommandlet looked like a commandlet, but we could not find the class.
[2023.01.27-11.57.33:714][  0]LogCore: Engine exit requested (reason: Failed to find commandlet class VisualStudioToolsCommandlet)
[2023.01.27-11.57.33:714][  0]LogCore: Engine exit requested (reason: EngineExit() was called; note: exit was already requested)
[2023.01.27-11.57.33:716][  0]LogExit: Preparing to exit.
[2023.01.27-11.57.33:725][  0]LogUObjectHash: Compacting FUObjectHashTables data took   0.77ms
[2023.01.27-11.57.33:789][  0]LogDemo: Cleaned up 0 splitscreen connections with owner deletion
[2023.01.27-11.57.33:887][  0]LogExit: Object subsystem successfully closed.
[2023.01.27-11.57.33:936][  0]LogModuleManager: Shutting down and abandoning module AudioSynesthesiaEditor (594)
[2023.01.27-11.57.33:936][  0]LogModuleManager: Shutting down and abandoning module OculusEditor (592)
[2023.01.27-11.57.33:936][  0]LogModuleManager: Shutting down and abandoning module OculusInput (590)
[2023.01.27-11.57.33:936][  0]LogModuleManager: Shutting down and abandoning module ContentBrowserFileDataSource (588)
[2023.01.27-11.57.33:936][  0]LogModuleManager: Shutting down and abandoning module ContentBrowserClassDataSource (586)
[2023.01.27-11.57.33:936][  0]LogModuleManager: Shutting down and abandoning module ContentBrowserAssetDataSource (584)
[2023.01.27-11.57.33:936][  0]LogModuleManager: Shutting down and abandoning module ToolMenus (583)
[2023.01.27-11.57.33:936][  0]LogModuleManager: Shutting down and abandoning module MagicLeapSharedWorld (580)
[2023.01.27-11.57.33:936][  0]LogModuleManager: Shutting down and abandoning module MagicLeapLightEstimation (578)
[2023.01.27-11.57.33:936][  0]LogModuleManager: Shutting down and abandoning module MagicLeapHelperVulkan (576)
[2023.01.27-11.57.33:936][  0]LogModuleManager: Shutting down and abandoning module MagicLeapHelperOpenGL (574)
[2023.01.27-11.57.33:937][  0]LogModuleManager: Shutting down and abandoning module MagicLeapAudio (572)
[2023.01.27-11.57.33:937][  0]LogModuleManager: Shutting down and abandoning module TakeSequencer (570)
[2023.01.27-11.57.33:937][  0]LogModuleManager: Shutting down and abandoning module TakeMovieScene (568)
[2023.01.27-11.57.33:937][  0]LogModuleManager: Shutting down and abandoning module SynthesisEditor (566)
[2023.01.27-11.57.33:937][  0]LogModuleManager: Shutting down and abandoning module Synthesis (564)
[2023.01.27-11.57.33:938][  0]LogModuleManager: Shutting down and abandoning module ProceduralMeshComponentEditor (562)
[2023.01.27-11.57.33:938][  0]LogModuleManager: Shutting down and abandoning module ProceduralMeshComponent (560)
[2023.01.27-11.57.33:938][  0]LogModuleManager: Shutting down and abandoning module ScreenshotTools (558)
[2023.01.27-11.57.33:938][  0]LogModuleManager: Shutting down and abandoning module OpenXREditor (556)
[2023.01.27-11.57.33:938][  0]LogModuleManager: Shutting down and abandoning module MobilePatchingUtils (554)
[2023.01.27-11.57.33:938][  0]LogModuleManager: Shutting down and abandoning module GooglePAD (552)
[2023.01.27-11.57.33:938][  0]LogModuleManager: Shutting down and abandoning module EditableMesh (550)
[2023.01.27-11.57.33:938][  0]LogModuleManager: Shutting down and abandoning module CustomMeshComponent (548)
[2023.01.27-11.57.33:938][  0]LogModuleManager: Shutting down and abandoning module CableComponent (546)
[2023.01.27-11.57.33:938][  0]LogModuleManager: Shutting down and abandoning module AudioCapture (544)
[2023.01.27-11.57.33:938][  0]LogModuleManager: Shutting down and abandoning module AudioCaptureRtAudio (543)
[2023.01.27-11.57.33:938][  0]LogModuleManager: Shutting down and abandoning module AssetTags (540)
[2023.01.27-11.57.33:938][  0]LogModuleManager: Shutting down and abandoning module ArchVisCharacter (538)
[2023.01.27-11.57.33:938][  0]LogModuleManager: Shutting down and abandoning module AppleImageUtilsBlueprintSupport (536)
[2023.01.27-11.57.33:938][  0]LogModuleManager: Shutting down and abandoning module AppleImageUtils (534)
[2023.01.27-11.57.33:938][  0]LogModuleManager: Shutting down and abandoning module AndroidPermission (532)
[2023.01.27-11.57.33:938][  0]LogModuleManager: Shutting down and abandoning module ActorLayerUtilitiesEditor (530)
[2023.01.27-11.57.33:938][  0]LogModuleManager: Shutting down and abandoning module ActorLayerUtilities (528)
[2023.01.27-11.57.33:938][  0]LogModuleManager: Shutting down and abandoning module MediaCompositing (526)
[2023.01.27-11.57.33:938][  0]LogModuleManager: Shutting down and abandoning module TemplateSequence (524)
[2023.01.27-11.57.33:939][  0]LogModuleManager: Shutting down and abandoning module OpenImageDenoise (522)
[2023.01.27-11.57.33:939][  0]LogOpenImageDenoise: OIDN shutting down
[2023.01.27-11.57.33:939][  0]LogModuleManager: Shutting down and abandoning module MotoSynthEditor (520)
[2023.01.27-11.57.33:939][  0]LogModuleManager: Shutting down and abandoning module MotoSynth (518)
[2023.01.27-11.57.33:939][  0]LogModuleManager: Shutting down and abandoning module MeshConversion (516)
[2023.01.27-11.57.33:939][  0]LogModuleManager: Shutting down and abandoning module DynamicMesh (514)
[2023.01.27-11.57.33:939][  0]LogModuleManager: Shutting down and abandoning module GeometryAlgorithms (512)
[2023.01.27-11.57.33:939][  0]LogModuleManager: Shutting down and abandoning module GeometricObjects (510)
[2023.01.27-11.57.33:940][  0]LogModuleManager: Shutting down and abandoning module GeometryCollectionTracks (508)
[2023.01.27-11.57.33:940][  0]LogModuleManager: Shutting down and abandoning module GeometryCollectionSequencer (507)
[2023.01.27-11.57.33:940][  0]LogModuleManager: Shutting down and abandoning module GeometryCollectionEditor (504)
[2023.01.27-11.57.33:940][  0]LogModuleManager: Shutting down and abandoning module GeometryCacheTracks (502)
[2023.01.27-11.57.33:940][  0]LogModuleManager: Shutting down and abandoning module GeometryCacheStreamer (500)
[2023.01.27-11.57.33:940][  0]LogModuleManager: Shutting down and abandoning module GeometryCacheSequencer (498)
[2023.01.27-11.57.33:940][  0]LogModuleManager: Shutting down and abandoning module VisualStudioCodeSourceCodeAccess (496)
[2023.01.27-11.57.33:940][  0]LogModuleManager: Shutting down and abandoning module VisualStudioSourceCodeAccess (494)
[2023.01.27-11.57.33:940][  0]LogModuleManager: Shutting down and abandoning module UObjectPlugin (492)
[2023.01.27-11.57.33:940][  0]LogModuleManager: Shutting down and abandoning module ChaosSolverEditor (490)
[2023.01.27-11.57.33:940][  0]LogModuleManager: Shutting down and abandoning module ChaosNiagara (488)
[2023.01.27-11.57.33:940][  0]LogModuleManager: Shutting down and abandoning module SpeedTreeImporter (486)
[2023.01.27-11.57.33:940][  0]LogModuleManager: Shutting down and abandoning module SubversionSourceControl (484)
[2023.01.27-11.57.33:941][  0]LogModuleManager: Shutting down and abandoning module PluginUtils (482)
[2023.01.27-11.57.33:941][  0]LogModuleManager: Shutting down and abandoning module PluginBrowser (480)
[2023.01.27-11.57.33:941][  0]LogModuleManager: Shutting down and abandoning module PlasticSourceControl (478)
[2023.01.27-11.57.33:942][  0]LogModuleManager: Shutting down and abandoning module GitSourceControl (476)
[2023.01.27-11.57.33:942][  0]LogModuleManager: Shutting down and abandoning module PerforceSourceControl (474)
[2023.01.27-11.57.33:944][  0]LogModuleManager: Shutting down and abandoning module SourceControl (473)
[2023.01.27-11.57.33:944][  0]LogModuleManager: Shutting down and abandoning module MobileLauncherProfileWizard (470)
[2023.01.27-11.57.33:944][  0]LogModuleManager: Shutting down and abandoning module MaterialAnalyzer (468)
[2023.01.27-11.57.33:944][  0]LogModuleManager: Shutting down and abandoning module FractureEditor (466)
[2023.01.27-11.57.33:944][  0]LogModuleManager: Shutting down and abandoning module FieldSystemEngine (465)
[2023.01.27-11.57.33:944][  0]LogModuleManager: Shutting down and abandoning module ChaosClothEditor (462)
[2023.01.27-11.57.33:945][  0]LogModuleManager: Shutting down and abandoning module AutomationUtilsEditor (460)
[2023.01.27-11.57.33:945][  0]LogModuleManager: Shutting down and abandoning module AutomationUtils (458)
[2023.01.27-11.57.33:945][  0]LogModuleManager: Shutting down and abandoning module AlembicImporter (456)
[2023.01.27-11.57.33:945][  0]LogModuleManager: Shutting down and abandoning module AlembicLibrary (455)
[2023.01.27-11.57.33:945][  0]LogModuleManager: Shutting down and abandoning module GeometryCache (454)
[2023.01.27-11.57.33:945][  0]LogModuleManager: Shutting down and abandoning module GeometryCacheEd (453)
[2023.01.27-11.57.33:945][  0]LogModuleManager: Shutting down and abandoning module CryptoKeysOpenSSL (448)
[2023.01.27-11.57.33:945][  0]LogModuleManager: Shutting down and abandoning module CryptoKeys (446)
[2023.01.27-11.57.33:945][  0]LogModuleManager: Shutting down and abandoning module CurveEditorTools (444)
[2023.01.27-11.57.33:945][  0]LogModuleManager: Shutting down and abandoning module VariantManagerContentEditor (442)
[2023.01.27-11.57.33:946][  0]LogModuleManager: Shutting down and abandoning module DatasmithContentEditor (440)
[2023.01.27-11.57.33:946][  0]LogModuleManager: Shutting down and abandoning module NiagaraEditorWidgets (438)
[2023.01.27-11.57.33:947][  0]LogModuleManager: Shutting down and abandoning module CLionSourceCodeAccess (436)
[2023.01.27-11.57.33:947][  0]LogModuleManager: Shutting down and abandoning module OodleNetworkHandlerComponent (434)
[2023.01.27-11.57.33:947][  0]LogModuleManager: Shutting down and abandoning module AnimationSharingEd (432)
[2023.01.27-11.57.33:947][  0]LogModuleManager: Shutting down and abandoning module LightPropagationVolumeEditor (430)
[2023.01.27-11.57.33:947][  0]LogModuleManager: Shutting down and abandoning module LiveLinkSequencer (428)
[2023.01.27-11.57.33:947][  0]LogModuleManager: Shutting down and abandoning module LiveLinkMovieScene (426)
[2023.01.27-11.57.33:947][  0]LogModuleManager: Shutting down and abandoning module LiveLinkGraphNode (424)
[2023.01.27-11.57.33:947][  0]LogModuleManager: Shutting down and abandoning module LiveLinkEditor (422)
[2023.01.27-11.57.33:948][  0]LogModuleManager: Shutting down and abandoning module LiveLinkComponents (420)
[2023.01.27-11.57.33:948][  0]LogModuleManager: Shutting down and abandoning module LiveLink (418)
[2023.01.27-11.57.34:255][  0]LogModuleManager: Shutting down and abandoning module PaperTiledImporter (416)
[2023.01.27-11.57.34:255][  0]LogModuleManager: Shutting down and abandoning module PaperSpriteSheetImporter (414)
[2023.01.27-11.57.34:256][  0]LogModuleManager: Shutting down and abandoning module Paper2DEditor (412)
[2023.01.27-11.57.34:256][  0]LogModuleManager: Shutting down and abandoning module MeshPaintingToolset (410)
[2023.01.27-11.57.34:256][  0]LogModuleManager: Shutting down and abandoning module MeshPaintEditorMode (408)
[2023.01.27-11.57.34:257][  0]LogModuleManager: Shutting down and abandoning module LevelUp_Vehicle (406)
[2023.01.27-11.57.34:257][  0]LogModuleManager: Shutting down and abandoning module MagicLeapARPin (404)
[2023.01.27-11.57.34:257][  0]LogModuleManager: Shutting down and abandoning module MagicLeapHandMeshing (402)
[2023.01.27-11.57.34:257][  0]LogModuleManager: Shutting down and abandoning module MagicLeapSecureStorage (400)
[2023.01.27-11.57.34:257][  0]LogModuleManager: Shutting down and abandoning module MagicLeapPrivileges (398)
[2023.01.27-11.57.34:257][  0]LogModuleManager: Shutting down and abandoning module MagicLeapPlanes (396)
[2023.01.27-11.57.34:257][  0]LogMagicLeapPlanes: Planes tracker already destroyed.
[2023.01.27-11.57.34:257][  0]LogModuleManager: Shutting down and abandoning module MagicLeapImageTracker (394)
[2023.01.27-11.57.34:257][  0]LogModuleManager: Shutting down and abandoning module MagicLeapIdentity (392)
[2023.01.27-11.57.34:257][  0]LogModuleManager: Shutting down and abandoning module MagicLeapHandTracking (390)
[2023.01.27-11.57.34:257][  0]LogModuleManager: Shutting down and abandoning module MagicLeapEyeTracker (388)
[2023.01.27-11.57.34:258][  0]LogModuleManager: Shutting down and abandoning module MagicLeapController (386)
[2023.01.27-11.57.34:258][  0]LogModuleManager: Shutting down and abandoning module MagicLeapARPinImpl (384)
[2023.01.27-11.57.34:258][  0]LogModuleManager: Shutting down and abandoning module MagicLeapAR (382)
[2023.01.27-11.57.34:258][  0]LogModuleManager: Shutting down and abandoning module SoundFields (380)
[2023.01.27-11.57.34:258][  0]LogModuleManager: Shutting down and abandoning module SignificanceManager (378)
[2023.01.27-11.57.34:258][  0]LogModuleManager: Shutting down and abandoning module RuntimePhysXCooking (376)
[2023.01.27-11.57.34:258][  0]LogModuleManager: Shutting down and abandoning module PropertyAccessEditor (374)
[2023.01.27-11.57.34:258][  0]LogModuleManager: Shutting down and abandoning module PhysXVehiclesEditor (372)
[2023.01.27-11.57.34:258][  0]LogModuleManager: Shutting down and abandoning module LocationServicesBPLibrary (368)
[2023.01.27-11.57.34:258][  0]LogModuleManager: Shutting down and abandoning module AudioSynesthesia (366)
[2023.01.27-11.57.34:258][  0]LogModuleManager: Shutting down and abandoning module AudioSynesthesiaCore (364)
[2023.01.27-11.57.34:258][  0]LogModuleManager: Shutting down and abandoning module TcpMessaging (362)
[2023.01.27-11.57.34:259][  0]LogModuleManager: Shutting down and abandoning module UdpMessaging (360)
[2023.01.27-11.57.34:259][  0]LogModuleManager: Shutting down and abandoning module ActorSequence (358)
[2023.01.27-11.57.34:259][  0]LogModuleManager: Shutting down and abandoning module PythonScriptPlugin (356)
[2023.01.27-11.57.34:259][  0]LogModuleManager: Shutting down and abandoning module PropertyAccessNode (354)
[2023.01.27-11.57.34:259][  0]LogModuleManager: Shutting down and abandoning module GameplayTagsEditor (352)
[2023.01.27-11.57.34:259][  0]LogModuleManager: Shutting down and abandoning module FacialAnimationEditor (350)
[2023.01.27-11.57.34:259][  0]LogModuleManager: Shutting down and abandoning module FacialAnimation (348)
[2023.01.27-11.57.34:259][  0]LogModuleManager: Shutting down and abandoning module DataValidation (346)
[2023.01.27-11.57.34:259][  0]LogModuleManager: Shutting down and abandoning module AssetManagerEditor (344)
[2023.01.27-11.57.34:260][  0]LogModuleManager: Shutting down and abandoning module TreeMap (343)
[2023.01.27-11.57.34:260][  0]LogModuleManager: Shutting down and abandoning module NiagaraAnimNotifies (340)
[2023.01.27-11.57.34:260][  0]LogModuleManager: Shutting down and abandoning module Niagara (338)
[2023.01.27-11.57.34:260][  0]LogModuleManager: Shutting down and abandoning module SignalProcessing (337)
[2023.01.27-11.57.34:260][  0]LogModuleManager: Shutting down and abandoning module NiagaraEditor (335)
[2023.01.27-11.57.34:261][  0]LogModuleManager: Shutting down and abandoning module NiagaraCore (332)
[2023.01.27-11.57.34:261][  0]LogModuleManager: Shutting down and abandoning module AnimationSharing (330)
[2023.01.27-11.57.34:261][  0]LogModuleManager: Shutting down and abandoning module GameplayCameras (328)
[2023.01.27-11.57.34:261][  0]LogModuleManager: Shutting down and abandoning module LightPropagationVolumeRuntime (326)
[2023.01.27-11.57.34:261][  0]LogModuleManager: Shutting down and abandoning module EnvironmentQueryEditor (324)
[2023.01.27-11.57.34:262][  0]LogModuleManager: Shutting down and abandoning module Paper2D (322)
[2023.01.27-11.57.34:262][  0]LogModuleManager: Shutting down and abandoning module NetworkReplayStreaming (320)
[2023.01.27-11.57.34:262][  0]LogModuleManager: Shutting down and abandoning module PacketHandler (318)
[2023.01.27-11.57.34:262][  0]LogModuleManager: Shutting down and abandoning module ClothingSystemEditor (316)
[2023.01.27-11.57.34:262][  0]LogModuleManager: Shutting down and abandoning module ClothingSystemRuntimeNv (314)
[2023.01.27-11.57.34:262][  0]LogModuleManager: Shutting down and abandoning module MediaAssets (312)
[2023.01.27-11.57.34:262][  0]LogModuleManager: Shutting down and abandoning module Overlay (310)
[2023.01.27-11.57.34:262][  0]LogModuleManager: Shutting down and abandoning module OverlayEditor (309)
[2023.01.27-11.57.34:262][  0]LogModuleManager: Shutting down and abandoning module Blutility (306)
[2023.01.27-11.57.34:262][  0]LogModuleManager: Shutting down and abandoning module LevelEditor (305)
[2023.01.27-11.57.34:265][  0]LogModuleManager: Shutting down and abandoning module PixelInspectorModule (304)
[2023.01.27-11.57.34:265][  0]LogModuleManager: Shutting down and abandoning module CommonMenuExtensions (302)
[2023.01.27-11.57.34:265][  0]LogModuleManager: Shutting down and abandoning module MainFrame (300)
[2023.01.27-11.57.34:265][  0]LogModuleManager: Shutting down and abandoning module HotReload (299)
[2023.01.27-11.57.34:266][  0]LogModuleManager: Shutting down and abandoning module ContentBrowser (295)
[2023.01.27-11.57.34:266][  0]LogModuleManager: Shutting down and abandoning module CollectionManager (294)
[2023.01.27-11.57.34:267][  0]LogModuleManager: Shutting down and abandoning module ContentBrowserData (292)
[2023.01.27-11.57.34:267][  0]LogModuleManager: Shutting down and abandoning module IntroTutorials (288)
[2023.01.27-11.57.34:267][  0]LogModuleManager: Shutting down and abandoning module VREditor (286)
[2023.01.27-11.57.34:267][  0]LogModuleManager: Shutting down and abandoning module StringTableEditor (284)
[2023.01.27-11.57.34:267][  0]LogModuleManager: Shutting down and abandoning module GameplayTasksEditor (282)
[2023.01.27-11.57.34:267][  0]LogModuleManager: Shutting down and abandoning module BehaviorTreeEditor (280)
[2023.01.27-11.57.34:268][  0]LogModuleManager: Shutting down and abandoning module FunctionalTesting (278)
[2023.01.27-11.57.34:268][  0]LogModuleManager: Shutting down and abandoning module CollisionAnalyzer (276)
[2023.01.27-11.57.34:269][  0]LogModuleManager: Shutting down and abandoning module WorkspaceMenuStructure (275)
[2023.01.27-11.57.34:269][  0]LogModuleManager: Shutting down and abandoning module UMG (272)
[2023.01.27-11.57.34:269][  0]LogModuleManager: Shutting down and abandoning module UMGEditor (271)
[2023.01.27-11.57.34:270][  0]LogModuleManager: Shutting down and abandoning module MessageLog (269)
[2023.01.27-11.57.34:270][  0]LogModuleManager: Shutting down and abandoning module SlateReflector (264)
[2023.01.27-11.57.34:271][  0]LogModuleManager: Shutting down and abandoning module Slate (262)
[2023.01.27-11.57.34:271][  0]LogModuleManager: Shutting down and abandoning module SlateCore (260)
[2023.01.27-11.57.34:272][  0]LogModuleManager: Shutting down and abandoning module LandscapeEditorUtilities (258)
[2023.01.27-11.57.34:272][  0]LogModuleManager: Shutting down and abandoning module UnrealEd (256)
[2023.01.27-11.57.34:272][  0]LogModuleManager: Shutting down and abandoning module MRMesh (254)
[2023.01.27-11.57.34:272][  0]LogModuleManager: Shutting down and abandoning module SourceCodeAccess (252)
[2023.01.27-11.57.34:272][  0]LogModuleManager: Shutting down and abandoning module HeadMountedDisplay (250)
[2023.01.27-11.57.34:272][  0]LogModuleManager: Shutting down and abandoning module XAudio2 (248)
[2023.01.27-11.57.34:272][  0]LogModuleManager: Shutting down and abandoning module Networking (246)
[2023.01.27-11.57.34:272][  0]LogModuleManager: Shutting down and abandoning module Core (244)
[2023.01.27-11.57.34:272][  0]LogModuleManager: Shutting down and abandoning module MaterialEditor (242)
[2023.01.27-11.57.34:272][  0]LogModuleManager: Shutting down and abandoning module Settings (241)
[2023.01.27-11.57.34:272][  0]LogModuleManager: Shutting down and abandoning module MovieSceneTools (238)
[2023.01.27-11.57.34:273][  0]LogModuleManager: Shutting down and abandoning module CurveEditor (237)
[2023.01.27-11.57.34:273][  0]LogModuleManager: Shutting down and abandoning module Sequencer (235)
[2023.01.27-11.57.34:274][  0]LogModuleManager: Shutting down and abandoning module EditorStyle (234)
[2023.01.27-11.57.34:275][  0]LogModuleManager: Shutting down and abandoning module KismetCompiler (230)
[2023.01.27-11.57.34:275][  0]LogModuleManager: Shutting down and abandoning module MeshBuilder (228)
[2023.01.27-11.57.34:275][  0]LogModuleManager: Shutting down and abandoning module MeshUtilities (226)
[2023.01.27-11.57.34:276][  0]LogModuleManager: Shutting down and abandoning module MeshMergeUtilities (225)
[2023.01.27-11.57.34:276][  0]LogModuleManager: Shutting down and abandoning module MeshReductionInterface (224)
[2023.01.27-11.57.34:276][  0]LogModuleManager: Shutting down and abandoning module MeshBoneReduction (223)
[2023.01.27-11.57.34:276][  0]LogModuleManager: Shutting down and abandoning module SkeletalMeshReduction (221)
[2023.01.27-11.57.34:276][  0]LogModuleManager: Shutting down and abandoning module ProxyLODMeshReduction (219)
[2023.01.27-11.57.34:277][  0]LogModuleManager: Shutting down and abandoning module QuadricMeshReduction (217)
[2023.01.27-11.57.34:277][  0]LogModuleManager: Shutting down and abandoning module MaterialBaking (213)
[2023.01.27-11.57.34:277][  0]LogModuleManager: Shutting down and abandoning module DirectoryWatcher (209)
[2023.01.27-11.57.34:277][  0]LogModuleManager: Shutting down and abandoning module NullInstallBundleManager (206)
[2023.01.27-11.57.34:277][  0]LogModuleManager: Shutting down and abandoning module DerivedDataCache (204)
[2023.01.27-11.57.34:278][  0]LogModuleManager: Shutting down and abandoning module TargetPlatform (202)
[2023.01.27-11.57.34:278][  0]LogModuleManager: Shutting down and abandoning module VulkanShaderFormat (201)
[2023.01.27-11.57.34:278][  0]LogModuleManager: Shutting down and abandoning module ShaderFormatVectorVM (199)
[2023.01.27-11.57.34:279][  0]LogModuleManager: Shutting down and abandoning module ShaderFormatOpenGL (197)
[2023.01.27-11.57.34:279][  0]LogModuleManager: Shutting down and abandoning module ShaderFormatD3D (195)
[2023.01.27-11.57.34:279][  0]LogModuleManager: Shutting down and abandoning module MetalShaderFormat (193)
[2023.01.27-11.57.34:279][  0]LogModuleManager: Shutting down and abandoning module TextureFormatOodle (191)
[2023.01.27-11.57.34:279][  0]LogModuleManager: Shutting down and abandoning module TextureFormatUncompressed (189)
[2023.01.27-11.57.34:279][  0]LogModuleManager: Shutting down and abandoning module TextureFormatPVR (187)
[2023.01.27-11.57.34:279][  0]LogModuleManager: Shutting down and abandoning module TextureFormatETC2 (185)
[2023.01.27-11.57.34:279][  0]LogModuleManager: Shutting down and abandoning module TextureFormatDXT (183)
[2023.01.27-11.57.34:280][  0]LogModuleManager: Shutting down and abandoning module TextureFormatIntelISPCTexComp (181)
[2023.01.27-11.57.34:280][  0]LogModuleManager: Shutting down and abandoning module TextureFormatASTC (179)
[2023.01.27-11.57.34:280][  0]LogModuleManager: Shutting down and abandoning module ImageWrapper (178)
[2023.01.27-11.57.34:280][  0]LogModuleManager: Shutting down and abandoning module AudioFormatOpus (175)
[2023.01.27-11.57.34:280][  0]LogModuleManager: Shutting down and abandoning module AudioFormatOgg (173)
[2023.01.27-11.57.34:280][  0]LogModuleManager: Shutting down and abandoning module AudioFormatADPCM (171)
[2023.01.27-11.57.34:280][  0]LogModuleManager: Shutting down and abandoning module WindowsServerTargetPlatform (169)
[2023.01.27-11.57.34:280][  0]LogModuleManager: Shutting down and abandoning module WindowsClientTargetPlatform (167)
[2023.01.27-11.57.34:280][  0]LogModuleManager: Shutting down and abandoning module WindowsTargetPlatform (165)
[2023.01.27-11.57.34:280][  0]LogModuleManager: Shutting down and abandoning module WindowsNoEditorTargetPlatform (163)
[2023.01.27-11.57.34:280][  0]LogModuleManager: Shutting down and abandoning module TVOSTargetPlatform (161)
[2023.01.27-11.57.34:281][  0]LogModuleManager: Shutting down and abandoning module MacServerTargetPlatform (159)
[2023.01.27-11.57.34:281][  0]LogModuleManager: Shutting down and abandoning module MacClientTargetPlatform (157)
[2023.01.27-11.57.34:281][  0]LogModuleManager: Shutting down and abandoning module MacTargetPlatform (155)
[2023.01.27-11.57.34:281][  0]LogModuleManager: Shutting down and abandoning module MacNoEditorTargetPlatform (153)
[2023.01.27-11.57.34:281][  0]LogModuleManager: Shutting down and abandoning module LuminTargetPlatform (151)
[2023.01.27-11.57.34:281][  0]LogModuleManager: Shutting down and abandoning module LinuxAArch64ServerTargetPlatform (149)
[2023.01.27-11.57.34:281][  0]LogModuleManager: Shutting down and abandoning module LinuxAArch64ClientTargetPlatform (147)
[2023.01.27-11.57.34:281][  0]LogModuleManager: Shutting down and abandoning module LinuxAArch64NoEditorTargetPlatform (145)
[2023.01.27-11.57.34:281][  0]LogModuleManager: Shutting down and abandoning module LinuxServerTargetPlatform (143)
[2023.01.27-11.57.34:281][  0]LogModuleManager: Shutting down and abandoning module LinuxClientTargetPlatform (141)
[2023.01.27-11.57.34:281][  0]LogModuleManager: Shutting down and abandoning module LinuxNoEditorTargetPlatform (139)
[2023.01.27-11.57.34:281][  0]LogModuleManager: Shutting down and abandoning module LinuxTargetPlatform (137)
[2023.01.27-11.57.34:281][  0]LogModuleManager: Shutting down and abandoning module Messaging (135)
[2023.01.27-11.57.34:281][  0]LogModuleManager: Shutting down and abandoning module IOSTargetPlatform (133)
[2023.01.27-11.57.34:282][  0]LogModuleManager: Shutting down and abandoning module AndroidTargetPlatform (131)
[2023.01.27-11.57.34:284][  0]LogModuleManager: Shutting down and abandoning module AllDesktopTargetPlatform (129)
[2023.01.27-11.57.34:284][  0]LogModuleManager: Shutting down and abandoning module NullDrv (126)
[2023.01.27-11.57.34:284][  0]LogModuleManager: Shutting down and abandoning module PhysXCooking (124)
[2023.01.27-11.57.34:284][  0]LogModuleManager: Shutting down and abandoning module Chaos (122)
[2023.01.27-11.57.34:284][  0]LogModuleManager: Shutting down and abandoning module WindowsPlatformFeatures (120)
[2023.01.27-11.57.34:285][  0]LogModuleManager: Shutting down and abandoning module GameplayMediaEncoder (119)
[2023.01.27-11.57.34:285][  0]LogModuleManager: Shutting down and abandoning module AVEncoder (118)
[2023.01.27-11.57.34:285][  0]LogModuleManager: Shutting down and abandoning module ExampleDeviceProfileSelector (114)
[2023.01.27-11.57.34:285][  0]LogModuleManager: Shutting down and abandoning module SteamVRInputDevice (112)
[2023.01.27-11.57.34:285][  0]LogModuleManager: Shutting down and abandoning module SteamVRInput (110)
[2023.01.27-11.57.34:285][  0]LogModuleManager: Shutting down and abandoning module SteamVR (108)
[2023.01.27-11.57.34:285][  0]LogHMD: Freeing OpenVRDLLHandle.
[2023.01.27-11.57.34:285][  0]LogModuleManager: Shutting down and abandoning module OculusHMD (106)
[2023.01.27-11.57.34:286][  0]LogModuleManager: Shutting down and abandoning module MLSDK (104)
[2023.01.27-11.57.34:286][  0]LogModuleManager: Shutting down and abandoning module MagicLeap (102)
[2023.01.27-11.57.34:286][  0]LogModuleManager: Shutting down and abandoning module LauncherChunkInstaller (100)
[2023.01.27-11.57.34:286][  0]LogModuleManager: Shutting down and abandoning module OpenXRHandTracking (98)
[2023.01.27-11.57.34:286][  0]LogModuleManager: Shutting down and abandoning module OpenXREyeTracker (96)
[2023.01.27-11.57.34:286][  0]LogModuleManager: Shutting down and abandoning module OpenXRAR (94)
[2023.01.27-11.57.34:286][  0]LogModuleManager: Shutting down and abandoning module AugmentedReality (93)
[2023.01.27-11.57.34:286][  0]LogModuleManager: Shutting down and abandoning module OpenXRHMD (90)
[2023.01.27-11.57.34:286][  0]LogModuleManager: Shutting down and abandoning module ChunkDownloader (88)
[2023.01.27-11.57.34:286][  0]LogModuleManager: Shutting down and abandoning module OnlineBlueprintSupport (86)
[2023.01.27-11.57.34:286][  0]LogModuleManager: Shutting down and abandoning module OnlineSubsystem (82)
[2023.01.27-11.57.34:289][  0]LogModuleManager: Shutting down and abandoning module XMPP (77)
[2023.01.27-11.57.34:289][  0]LogModuleManager: Shutting down and abandoning module WebSockets (76)
[2023.01.27-11.57.34:295][  0]LogModuleManager: Shutting down and abandoning module HTTP (73)
[2023.01.27-11.57.34:296][  0]LogHttp: Display: cleaning up 0 outstanding Http requests.
[2023.01.27-11.57.34:316][  0]LogModuleManager: Shutting down and abandoning module SSL (72)
[2023.01.27-11.57.34:317][  0]LogModuleManager: Shutting down and abandoning module WmfMedia (68)
[2023.01.27-11.57.34:318][  0]LogModuleManager: Shutting down and abandoning module Media (67)
[2023.01.27-11.57.34:319][  0]LogModuleManager: Shutting down and abandoning module MediaInfo (66)
[2023.01.27-11.57.34:319][  0]LogModuleManager: Shutting down and abandoning module ExrReaderGpu (62)
[2023.01.27-11.57.34:319][  0]LogModuleManager: Shutting down and abandoning module PixWinPlugin (60)
[2023.01.27-11.57.34:319][  0]LogModuleManager: Shutting down and abandoning module ChaosCloth (58)
[2023.01.27-11.57.34:319][  0]LogModuleManager: Shutting down and abandoning module VariantManagerContent (56)
[2023.01.27-11.57.34:319][  0]LogModuleManager: Shutting down and abandoning module DatasmithContent (54)
[2023.01.27-11.57.34:319][  0]LogModuleManager: Shutting down and abandoning module NiagaraVertexFactories (52)
[2023.01.27-11.57.34:320][  0]LogModuleManager: Shutting down and abandoning module NiagaraShader (50)
[2023.01.27-11.57.34:320][  0]LogModuleManager: Shutting down and abandoning module AISupportModule (48)
[2023.01.27-11.57.34:320][  0]LogModuleManager: Shutting down and abandoning module PythonScriptPluginPreload (46)
[2023.01.27-11.57.34:320][  0]LogModuleManager: Shutting down and abandoning module PlatformCryptoOpenSSL (44)
[2023.01.27-11.57.34:320][  0]LogModuleManager: Shutting down and abandoning module PlatformCryptoTypes (42)
[2023.01.27-11.57.34:320][  0]LogModuleManager: Shutting down and abandoning module PlatformCrypto (40)
[2023.01.27-11.57.34:320][  0]LogModuleManager: Shutting down and abandoning module OodleDataCompressionFormat (38)
[2023.01.27-11.57.34:320][  0]LogModuleManager: Shutting down and abandoning module XGEController (36)
[2023.01.27-11.57.34:320][  0]LogXGEController: Cannot use XGE Controller as Incredibuild is not installed on this machine.
[2023.01.27-11.57.34:320][  0]LogModuleManager: Shutting down and abandoning module AnimationModifiers (34)
[2023.01.27-11.57.34:321][  0]LogModuleManager: Shutting down and abandoning module AudioEditor (32)
[2023.01.27-11.57.34:321][  0]LogModuleManager: Shutting down and abandoning module PropertyEditor (31)
[2023.01.27-11.57.34:321][  0]LogModuleManager: Shutting down and abandoning module TextureCompressor (28)
[2023.01.27-11.57.34:322][  0]LogModuleManager: Shutting down and abandoning module RenderCore (26)
[2023.01.27-11.57.34:322][  0]LogModuleManager: Shutting down and abandoning module Landscape (24)
[2023.01.27-11.57.34:322][  0]LogModuleManager: Shutting down and abandoning module SlateRHIRenderer (22)
[2023.01.27-11.57.34:322][  0]LogModuleManager: Shutting down and abandoning module AnimGraphRuntime (20)
[2023.01.27-11.57.34:322][  0]LogModuleManager: Shutting down and abandoning module Renderer (18)
[2023.01.27-11.57.34:322][  0]LogModuleManager: Shutting down and abandoning module Engine (16)
[2023.01.27-11.57.34:322][  0]LogModuleManager: Shutting down and abandoning module CoreUObject (14)
[2023.01.27-11.57.34:322][  0]LogModuleManager: Shutting down and abandoning module NetworkFile (12)
[2023.01.27-11.57.34:322][  0]LogModuleManager: Shutting down and abandoning module CookedIterativeFile (10)
[2023.01.27-11.57.34:322][  0]LogModuleManager: Shutting down and abandoning module StreamingFile (8)
[2023.01.27-11.57.34:322][  0]LogModuleManager: Shutting down and abandoning module SandboxFile (6)
[2023.01.27-11.57.34:322][  0]LogModuleManager: Shutting down and abandoning module PakFile (4)
[2023.01.27-11.57.34:322][  0]LogModuleManager: Shutting down and abandoning module RSA (3)
[2023.01.27-11.57.34:766][  0]LogContentStreaming: Display: There are 1 unreleased StreamingManagers
[2023.01.27-11.57.34:775][  0]LogExit: Exiting.
[2023.01.27-11.57.34:792][  0]Log file closed, 01/27/23 20:57:34
